--- Job ~$TEP.gms Start 08/27/21 13:27:27 35.1.0 r82a9585 WEX-WEI x86 64bit/MS Windows
--- Applying:
    C:\GAMS\35\gmsprmNT.txt
--- GAMS Parameters defined
    Input "C:\Users\Max Bernecker\Dropbox\Lehrstuhl Energiewirtschaft\TEP\Large static deterministic TEP\Model\~$TEP.gms"
    PageSize 0
    ScrDir "C:\Users\Max Bernecker\Dropbox\Lehrstuhl Energiewirtschaft\TEP\Large static deterministic TEP\Model\225a\"
    SysDir C:\GAMS\35\
    LogOption 3
    ErrMsg 1
    ErrorLog 99
    IDE 1
    LstTitleLeftAligned 1
Licensee: Small MUD - 5 User License                     S201118/0001AN-WIN
          BTU Cottbus-Senftenberg, FG Energiewirtschaft              DC5591
          C:\Users\Max Bernecker\Documents\GAMS\gamslice.txt
GAMS 35.1.0   Copyright (C) 1987-2021 GAMS Development. All rights reserved
--- Starting compilation
--- ~$TEP.gms(149) 3 Mb
--- $echo File C:\Users\Max Bernecker\Dropbox\Lehrstuhl Energiewirtschaft\TEP\Large static deterministic TEP\Model\TEP.txt
--- ~$TEP.gms(174) 3 Mb
--- call gdxxrw Data.xlsx @TEP.txt

GDXXRW           35.1.0 r82a9585 Released Apr 29, 2021 WEI x86 64bit/MS Window
Input file : C:\Users\Max Bernecker\Dropbox\Lehrstuhl Energiewirtschaft\TEP\Large static deterministic TEP\Model\Data.xlsx
Output file: C:\Users\Max Bernecker\Dropbox\Lehrstuhl Energiewirtschaft\TEP\Large static deterministic TEP\Model\Data.gdx
Value expected in cell: Availability!BM3; found t1
Value expected in cell: Availability!BM4; found t2
Value expected in cell: Availability!BM5; found t3
Value expected in cell: Availability!BM6; found t4
Value expected in cell: Availability!BM7; found t5
Additional errors suppressed
Total number of bad values for symbol availup_res = 8760
**** There were at least 10 duplicate entries for symbol phy_flow
 1: t1,n507
 2: t1,n506
 3: t1,n505
 4: t1,n501
 5: t2,n507
 6: t2,n506
 7: t2,n505
 8: t2,n501
 9: t3,n507
10: t3,n506
Remaining duplicate entries skipped (use trace>=4 to get more information)
Value expected in cell: Grid_invest!F828; found #Error
Value expected in cell: Grid_invest!G828; found #Error
Value expected in cell: Grid_invest!F829; found #Error
Value expected in cell: Grid_invest!G829; found #Error
Value expected in cell: Grid_invest!F830; found #Error
Additional errors suppressed
Total number of bad values for symbol Grid_invest = 22
Output gdx file deleted: C:\Users\Max Bernecker\Dropbox\Lehrstuhl Energiewirtschaft\TEP\Large static deterministic TEP\Model\Data.gdx
Total time = 5734 Ms
The option "MaxDupeErrors = <integer>" can be used to allow for some duplicate records
--- ~$TEP.gms(175) 3 Mb
*** GDXIN failed C:\Users\Max Bernecker\Dropbox\Lehrstuhl Energiewirtschaft\TEP\Large static deterministic TEP\Model\Data.gdx
*** Msg: No such file or directory
--- ~$TEP.gms(175) 3 Mb 1 Error
*** Error 510 in C:\Users\Max Bernecker\Dropbox\Lehrstuhl Energiewirtschaft\TEP\Large static deterministic TEP\Model\~$TEP.gms
    Unable to open gdx file for $GDXIN
--- ~$TEP.gms(176) 3 Mb 2 Errors
*** Error 502 in C:\Users\Max Bernecker\Dropbox\Lehrstuhl Energiewirtschaft\TEP\Large static deterministic TEP\Model\~$TEP.gms
    GDXIN  file not open - ignore rest of line
--- ~$TEP.gms(177) 3 Mb 3 Errors
*** Error 502 in C:\Users\Max Bernecker\Dropbox\Lehrstuhl Energiewirtschaft\TEP\Large static deterministic TEP\Model\~$TEP.gms
    GDXIN  file not open - ignore rest of line
--- ~$TEP.gms(178) 3 Mb 4 Errors
*** Error 502 in C:\Users\Max Bernecker\Dropbox\Lehrstuhl Energiewirtschaft\TEP\Large static deterministic TEP\Model\~$TEP.gms
    GDXIN  file not open - ignore rest of line
--- ~$TEP.gms(179) 3 Mb 5 Errors
*** Error 502 in C:\Users\Max Bernecker\Dropbox\Lehrstuhl Energiewirtschaft\TEP\Large static deterministic TEP\Model\~$TEP.gms
    GDXIN  file not open - ignore rest of line
--- ~$TEP.gms(180) 3 Mb 6 Errors
*** Error 502 in C:\Users\Max Bernecker\Dropbox\Lehrstuhl Energiewirtschaft\TEP\Large static deterministic TEP\Model\~$TEP.gms
    GDXIN  file not open - ignore rest of line
--- ~$TEP.gms(181) 3 Mb 7 Errors
*** Error 502 in C:\Users\Max Bernecker\Dropbox\Lehrstuhl Energiewirtschaft\TEP\Large static deterministic TEP\Model\~$TEP.gms
    GDXIN  file not open - ignore rest of line
--- ~$TEP.gms(192) 3 Mb 8 Errors
*** Error 141 in C:\Users\Max Bernecker\Dropbox\Lehrstuhl Energiewirtschaft\TEP\Large static deterministic TEP\Model\~$TEP.gms
    Symbol declared but no values have been assigned. Check for missing
       data definition, assignment, data loading or implicit assignment
       via a solve statement.
       A wild shot: You may have spurious commas in the explanatory
       text of a declaration. Check symbol reference list.
--- ~$TEP.gms(194) 3 Mb 9 Errors
*** Error 141 in C:\Users\Max Bernecker\Dropbox\Lehrstuhl Energiewirtschaft\TEP\Large static deterministic TEP\Model\~$TEP.gms
    Symbol declared but no values have been assigned. Check for missing
       data definition, assignment, data loading or implicit assignment
       via a solve statement.
       A wild shot: You may have spurious commas in the explanatory
       text of a declaration. Check symbol reference list.
--- ~$TEP.gms(202) 3 Mb 11 Errors
*** Error 141 in C:\Users\Max Bernecker\Dropbox\Lehrstuhl Energiewirtschaft\TEP\Large static deterministic TEP\Model\~$TEP.gms
    Symbol declared but no values have been assigned. Check for missing
       data definition, assignment, data loading or implicit assignment
       via a solve statement.
       A wild shot: You may have spurious commas in the explanatory
       text of a declaration. Check symbol reference list.
*** Error 116 in C:\Users\Max Bernecker\Dropbox\Lehrstuhl Energiewirtschaft\TEP\Large static deterministic TEP\Model\~$TEP.gms
    Label is unknown
--- ~$TEP.gms(217) 3 Mb 12 Errors
*** Error 141 in C:\Users\Max Bernecker\Dropbox\Lehrstuhl Energiewirtschaft\TEP\Large static deterministic TEP\Model\~$TEP.gms
    Symbol declared but no values have been assigned. Check for missing
       data definition, assignment, data loading or implicit assignment
       via a solve statement.
       A wild shot: You may have spurious commas in the explanatory
       text of a declaration. Check symbol reference list.
--- ~$TEP.gms(226) 3 Mb 13 Errors
*** Error 141 in C:\Users\Max Bernecker\Dropbox\Lehrstuhl Energiewirtschaft\TEP\Large static deterministic TEP\Model\~$TEP.gms
    Symbol declared but no values have been assigned. Check for missing
       data definition, assignment, data loading or implicit assignment
       via a solve statement.
       A wild shot: You may have spurious commas in the explanatory
       text of a declaration. Check symbol reference list.
--- ~$TEP.gms(237) 3 Mb 15 Errors
*** Error 141 in C:\Users\Max Bernecker\Dropbox\Lehrstuhl Energiewirtschaft\TEP\Large static deterministic TEP\Model\~$TEP.gms
    Symbol declared but no values have been assigned. Check for missing
       data definition, assignment, data loading or implicit assignment
       via a solve statement.
       A wild shot: You may have spurious commas in the explanatory
       text of a declaration. Check symbol reference list.
*** Error 116 in C:\Users\Max Bernecker\Dropbox\Lehrstuhl Energiewirtschaft\TEP\Large static deterministic TEP\Model\~$TEP.gms
    Label is unknown
--- ~$TEP.gms(239) 3 Mb 17 Errors
*** Error 141 in C:\Users\Max Bernecker\Dropbox\Lehrstuhl Energiewirtschaft\TEP\Large static deterministic TEP\Model\~$TEP.gms
    Symbol declared but no values have been assigned. Check for missing
       data definition, assignment, data loading or implicit assignment
       via a solve statement.
       A wild shot: You may have spurious commas in the explanatory
       text of a declaration. Check symbol reference list.
*** Error 116 in C:\Users\Max Bernecker\Dropbox\Lehrstuhl Energiewirtschaft\TEP\Large static deterministic TEP\Model\~$TEP.gms
    Label is unknown
--- ~$TEP.gms(241) 3 Mb 18 Errors
*** Error 116 in C:\Users\Max Bernecker\Dropbox\Lehrstuhl Energiewirtschaft\TEP\Large static deterministic TEP\Model\~$TEP.gms
    Label is unknown
--- ~$TEP.gms(246) 3 Mb 20 Errors
*** Error 141 in C:\Users\Max Bernecker\Dropbox\Lehrstuhl Energiewirtschaft\TEP\Large static deterministic TEP\Model\~$TEP.gms
    Symbol declared but no values have been assigned. Check for missing
       data definition, assignment, data loading or implicit assignment
       via a solve statement.
       A wild shot: You may have spurious commas in the explanatory
       text of a declaration. Check symbol reference list.
*** Error 116 in C:\Users\Max Bernecker\Dropbox\Lehrstuhl Energiewirtschaft\TEP\Large static deterministic TEP\Model\~$TEP.gms
    Label is unknown
--- ~$TEP.gms(248) 3 Mb 21 Errors
*** Error 116 in C:\Users\Max Bernecker\Dropbox\Lehrstuhl Energiewirtschaft\TEP\Large static deterministic TEP\Model\~$TEP.gms
    Label is unknown
--- ~$TEP.gms(250) 3 Mb 22 Errors
*** Error 116 in C:\Users\Max Bernecker\Dropbox\Lehrstuhl Energiewirtschaft\TEP\Large static deterministic TEP\Model\~$TEP.gms
    Label is unknown
--- ~$TEP.gms(252) 3 Mb 23 Errors
*** Error 116 in C:\Users\Max Bernecker\Dropbox\Lehrstuhl Energiewirtschaft\TEP\Large static deterministic TEP\Model\~$TEP.gms
    Label is unknown
--- ~$TEP.gms(254) 3 Mb 24 Errors
*** Error 116 in C:\Users\Max Bernecker\Dropbox\Lehrstuhl Energiewirtschaft\TEP\Large static deterministic TEP\Model\~$TEP.gms
    Label is unknown
--- ~$TEP.gms(256) 3 Mb 25 Errors
*** Error 116 in C:\Users\Max Bernecker\Dropbox\Lehrstuhl Energiewirtschaft\TEP\Large static deterministic TEP\Model\~$TEP.gms
    Label is unknown
--- ~$TEP.gms(258) 3 Mb 26 Errors
*** Error 116 in C:\Users\Max Bernecker\Dropbox\Lehrstuhl Energiewirtschaft\TEP\Large static deterministic TEP\Model\~$TEP.gms
    Label is unknown
--- ~$TEP.gms(260) 3 Mb 27 Errors
*** Error 116 in C:\Users\Max Bernecker\Dropbox\Lehrstuhl Energiewirtschaft\TEP\Large static deterministic TEP\Model\~$TEP.gms
    Label is unknown
--- ~$TEP.gms(265) 3 Mb 29 Errors
*** Error 141 in C:\Users\Max Bernecker\Dropbox\Lehrstuhl Energiewirtschaft\TEP\Large static deterministic TEP\Model\~$TEP.gms
    Symbol declared but no values have been assigned. Check for missing
       data definition, assignment, data loading or implicit assignment
       via a solve statement.
       A wild shot: You may have spurious commas in the explanatory
       text of a declaration. Check symbol reference list.
*** Error 116 in C:\Users\Max Bernecker\Dropbox\Lehrstuhl Energiewirtschaft\TEP\Large static deterministic TEP\Model\~$TEP.gms
    Label is unknown
--- ~$TEP.gms(269) 3 Mb 30 Errors
*** Error 116 in C:\Users\Max Bernecker\Dropbox\Lehrstuhl Energiewirtschaft\TEP\Large static deterministic TEP\Model\~$TEP.gms
    Label is unknown
--- ~$TEP.gms(271) 3 Mb 31 Errors
*** Error 116 in C:\Users\Max Bernecker\Dropbox\Lehrstuhl Energiewirtschaft\TEP\Large static deterministic TEP\Model\~$TEP.gms
    Label is unknown
--- ~$TEP.gms(273) 3 Mb 33 Errors
*** Error 141 in C:\Users\Max Bernecker\Dropbox\Lehrstuhl Energiewirtschaft\TEP\Large static deterministic TEP\Model\~$TEP.gms
    Symbol declared but no values have been assigned. Check for missing
       data definition, assignment, data loading or implicit assignment
       via a solve statement.
       A wild shot: You may have spurious commas in the explanatory
       text of a declaration. Check symbol reference list.
*** Error 116 in C:\Users\Max Bernecker\Dropbox\Lehrstuhl Energiewirtschaft\TEP\Large static deterministic TEP\Model\~$TEP.gms
    Label is unknown
--- ~$TEP.gms(275) 3 Mb 34 Errors
*** Error 116 in C:\Users\Max Bernecker\Dropbox\Lehrstuhl Energiewirtschaft\TEP\Large static deterministic TEP\Model\~$TEP.gms
    Label is unknown
--- ~$TEP.gms(277) 3 Mb 35 Errors
*** Error 116 in C:\Users\Max Bernecker\Dropbox\Lehrstuhl Energiewirtschaft\TEP\Large static deterministic TEP\Model\~$TEP.gms
    Label is unknown
--- ~$TEP.gms(279) 3 Mb 36 Errors
*** Error 116 in C:\Users\Max Bernecker\Dropbox\Lehrstuhl Energiewirtschaft\TEP\Large static deterministic TEP\Model\~$TEP.gms
    Label is unknown
--- ~$TEP.gms(285) 3 Mb 37 Errors
*** Error 116 in C:\Users\Max Bernecker\Dropbox\Lehrstuhl Energiewirtschaft\TEP\Large static deterministic TEP\Model\~$TEP.gms
    Label is unknown
--- ~$TEP.gms(291) 3 Mb 38 Errors
*** Error 116 in C:\Users\Max Bernecker\Dropbox\Lehrstuhl Energiewirtschaft\TEP\Large static deterministic TEP\Model\~$TEP.gms
    Label is unknown
--- ~$TEP.gms(299) 3 Mb 39 Errors
*** Error 116 in C:\Users\Max Bernecker\Dropbox\Lehrstuhl Energiewirtschaft\TEP\Large static deterministic TEP\Model\~$TEP.gms
    Label is unknown
--- ~$TEP.gms(301) 3 Mb 40 Errors
*** Error 116 in C:\Users\Max Bernecker\Dropbox\Lehrstuhl Energiewirtschaft\TEP\Large static deterministic TEP\Model\~$TEP.gms
    Label is unknown
--- ~$TEP.gms(303) 3 Mb 41 Errors
*** Error 116 in C:\Users\Max Bernecker\Dropbox\Lehrstuhl Energiewirtschaft\TEP\Large static deterministic TEP\Model\~$TEP.gms
    Label is unknown
--- ~$TEP.gms(309) 3 Mb 43 Errors
*** Error 141 in C:\Users\Max Bernecker\Dropbox\Lehrstuhl Energiewirtschaft\TEP\Large static deterministic TEP\Model\~$TEP.gms
    Symbol declared but no values have been assigned. Check for missing
       data definition, assignment, data loading or implicit assignment
       via a solve statement.
       A wild shot: You may have spurious commas in the explanatory
       text of a declaration. Check symbol reference list.
*** Error 116 in C:\Users\Max Bernecker\Dropbox\Lehrstuhl Energiewirtschaft\TEP\Large static deterministic TEP\Model\~$TEP.gms
    Label is unknown
--- ~$TEP.gms(311) 3 Mb 44 Errors
*** Error 116 in C:\Users\Max Bernecker\Dropbox\Lehrstuhl Energiewirtschaft\TEP\Large static deterministic TEP\Model\~$TEP.gms
    Label is unknown
--- ~$TEP.gms(313) 3 Mb 45 Errors
*** Error 116 in C:\Users\Max Bernecker\Dropbox\Lehrstuhl Energiewirtschaft\TEP\Large static deterministic TEP\Model\~$TEP.gms
    Label is unknown
--- ~$TEP.gms(315) 3 Mb 47 Errors
*** Error 141 in C:\Users\Max Bernecker\Dropbox\Lehrstuhl Energiewirtschaft\TEP\Large static deterministic TEP\Model\~$TEP.gms
    Symbol declared but no values have been assigned. Check for missing
       data definition, assignment, data loading or implicit assignment
       via a solve statement.
       A wild shot: You may have spurious commas in the explanatory
       text of a declaration. Check symbol reference list.
*** Error 141 in C:\Users\Max Bernecker\Dropbox\Lehrstuhl Energiewirtschaft\TEP\Large static deterministic TEP\Model\~$TEP.gms
    Symbol declared but no values have been assigned. Check for missing
       data definition, assignment, data loading or implicit assignment
       via a solve statement.
       A wild shot: You may have spurious commas in the explanatory
       text of a declaration. Check symbol reference list.
--- ~$TEP.gms(317) 3 Mb 48 Errors
*** Error 141 in C:\Users\Max Bernecker\Dropbox\Lehrstuhl Energiewirtschaft\TEP\Large static deterministic TEP\Model\~$TEP.gms
    Symbol declared but no values have been assigned. Check for missing
       data definition, assignment, data loading or implicit assignment
       via a solve statement.
       A wild shot: You may have spurious commas in the explanatory
       text of a declaration. Check symbol reference list.
--- ~$TEP.gms(321) 3 Mb 49 Errors
*** Error 116 in C:\Users\Max Bernecker\Dropbox\Lehrstuhl Energiewirtschaft\TEP\Large static deterministic TEP\Model\~$TEP.gms
    Label is unknown
--- ~$TEP.gms(323) 3 Mb 50 Errors
*** Error 116 in C:\Users\Max Bernecker\Dropbox\Lehrstuhl Energiewirtschaft\TEP\Large static deterministic TEP\Model\~$TEP.gms
    Label is unknown
--- ~$TEP.gms(332) 3 Mb 51 Errors
*** Error 141 in C:\Users\Max Bernecker\Dropbox\Lehrstuhl Energiewirtschaft\TEP\Large static deterministic TEP\Model\~$TEP.gms
    Symbol declared but no values have been assigned. Check for missing
       data definition, assignment, data loading or implicit assignment
       via a solve statement.
       A wild shot: You may have spurious commas in the explanatory
       text of a declaration. Check symbol reference list.
--- ~$TEP.gms(525) 3 Mb 52 Errors
*** Error 257 in C:\Users\Max Bernecker\Dropbox\Lehrstuhl Energiewirtschaft\TEP\Large static deterministic TEP\Model\~$TEP.gms
    Solve statement not checked because of previous errors
--- ~$TEP.gms(527) 3 Mb 53 Errors
*** Error 141 in C:\Users\Max Bernecker\Dropbox\Lehrstuhl Energiewirtschaft\TEP\Large static deterministic TEP\Model\~$TEP.gms
    Symbol declared but no values have been assigned. Check for missing
       data definition, assignment, data loading or implicit assignment
       via a solve statement.
       A wild shot: You may have spurious commas in the explanatory
       text of a declaration. Check symbol reference list.
--- ~$TEP.gms(550) 3 Mb 53 Errors
*** Status: Compilation error(s)
--- Job ~$TEP.gms Stop 08/27/21 13:27:33 elapsed 0:00:05.824
