
--- Job TEP_ARO.gms Start 01/25/22 17:30:49 35.1.0 r82a9585 WEX-WEI x86 64bit/MS Windows
--- Applying:
    C:\GAMS\35\gmsprmNT.txt
--- GAMS Parameters defined
    Input "Z:\MitarbeiterOrdner\Bernecker\GitHub Desktop Project Foulder\SARO-Dunkelflaute\TEP ARO Model\TEP_ARO.gms"
    PageSize 0
    ScrDir "Z:\MitarbeiterOrdner\Bernecker\GitHub Desktop Project Foulder\SARO-Dunkelflaute\TEP ARO Model\225c\"
    SysDir C:\GAMS\35\
    LogOption 3
    ErrMsg 1
    ErrorLog 99
    IDE 1
    LstTitleLeftAligned 1
Licensee: Small MUD - 5 User License                     S201118/0001AN-WIN
          BTU Cottbus-Senftenberg, FG Energiewirtschaft              DC5591
          C:\Users\Max Bernecker\Documents\GAMS\gamslice.txt
GAMS 35.1.0   Copyright (C) 1987-2021 GAMS Development. All rights reserved
--- Starting compilation
--- TEP_ARO.gms(290) 3 Mb
--- $echo File Z:\MitarbeiterOrdner\Bernecker\GitHub Desktop Project Foulder\SARO-Dunkelflaute\TEP ARO Model\TEP.txt
--- TEP_ARO.gms(320) 3 Mb
--- call gdxxrw Data.xlsx @TEP.txt

GDXXRW           35.1.0 r82a9585 Released Apr 29, 2021 WEI x86 64bit/MS Window
Input file : Z:\MitarbeiterOrdner\Bernecker\GitHub Desktop Project Foulder\SARO-Dunkelflaute\TEP ARO Model\Data.xlsx
Output file: Z:\MitarbeiterOrdner\Bernecker\GitHub Desktop Project Foulder\SARO-Dunkelflaute\TEP ARO Model\Data.gdx
Value expected in cell: Availability!BM3; found t1
Value expected in cell: Availability!BM4; found t2
Value expected in cell: Availability!BM5; found t3
Value expected in cell: Availability!BM6; found t4
Value expected in cell: Availability!BM7; found t5
Additional errors suppressed
Total number of bad values for symbol availup_res = 8760
Total time = 6015 Ms
--- TEP_ARO.gms(321) 3 Mb
--- GDXin=Z:\MitarbeiterOrdner\Bernecker\GitHub Desktop Project Foulder\SARO-Dunkelflaute\TEP ARO Model\Data.gdx
--- GDX File ($gdxIn) Z:\MitarbeiterOrdner\Bernecker\GitHub Desktop Project Foulder\SARO-Dunkelflaute\TEP ARO Model\Data.gdx
--- TEP_ARO.gms(1025) 34 Mb
--- . network_expansion_merge.gms(841) 34 Mb
--- TEP_ARO.gms(1045) 34 Mb
--- . network_expansion_clean.gms(841) 34 Mb
--- TEP_ARO.gms(1062) 34 Mb
--- Starting execution: elapsed 0:00:06.390
--- TEP_ARO.gms(965) 39 Mb
--- Generating MIP model Master_VO
--- TEP_ARO.gms(993) 39 Mb
--- LOOPS v = v1
---   2 rows  842 columns  1,682 non-zeroes
---   840 discrete-columns
--- Executing CPLEX (Solvelink=2): elapsed 0:00:06.447

IBM ILOG CPLEX   35.1.0 r82a9585 Released Apr 29, 2021 WEI x86 64bit/MS Window

--- GAMS/Cplex Link licensed for continuous and discrete problems.
--- Space for names approximately 0.02 Mb
--- Use option 'names no' to turn use of names off
--- GMO memory 0.60 Mb (peak 0.61 Mb)
--- Dictionary memory 0.00 Mb
--- Cplex 20.1.0.1 link memory 0.02 Mb (peak 0.06 Mb)
--- Starting Cplex

Version identifier: 20.1.0.1 | 2021-04-07 | 3a818710c
CPXPARAM_Advance                                 0
CPXPARAM_Simplex_Display                         2
CPXPARAM_Threads                                 1
CPXPARAM_MIP_Display                             4
CPXPARAM_MIP_Tolerances_AbsMIPGap                0
CPXPARAM_MIP_Tolerances_MIPGap                   0
Generic callback                                 0x50
Found incumbent of value 0.000000 after 0.00 sec. (0.02 ticks)

Root node processing (before b&c):
  Real time             =    0.00 sec. (0.03 ticks)
Sequential b&c:
  Real time             =    0.00 sec. (0.00 ticks)
                          ------------
Total (root+branch&cut) =    0.00 sec. (0.03 ticks)

--- MIP status (101): integer optimal solution.
--- Cplex Time: 0.00sec (det. 0.04 ticks)

--- Fixing integer variables and solving final LP...

Version identifier: 20.1.0.1 | 2021-04-07 | 3a818710c
CPXPARAM_Advance                                 2
CPXPARAM_Simplex_Display                         2
CPXPARAM_Threads                                 1
CPXPARAM_MIP_Display                             4
CPXPARAM_MIP_Tolerances_AbsMIPGap                0
CPXPARAM_MIP_Tolerances_MIPGap                   0
Tried aggregator 1 time.
LP Presolve eliminated 1 rows and 842 columns.
All rows and columns eliminated.
Presolve time = 0.00 sec. (0.15 ticks)

--- Fixed MIP status (1): optimal.
--- Cplex Time: 0.00sec (det. 0.24 ticks)


Proven optimal solution
MIP Solution:            0.000000    (0 iterations, 0 nodes)
Final Solve:             0.000000    (0 iterations)

Best possible:           0.000000
Absolute gap:            0.000000
Relative gap:            0.000000

--- Reading solution for model Master_VO
--- Executing after solve: elapsed 0:00:06.533
--- TEP_ARO.gms(965) 39 Mb
--- Generating MIP model Subproblem
--- TEP_ARO.gms(1872) 113 Mb
--- LOOPS v = v1
---   377,341 rows  361,170 columns  1,150,971 non-zeroes
---   46,690 discrete-columns
--- Executing CPLEX (Solvelink=2): elapsed 0:00:10.411

IBM ILOG CPLEX   35.1.0 r82a9585 Released Apr 29, 2021 WEI x86 64bit/MS Window

--- GAMS/Cplex Link licensed for continuous and discrete problems.
--- Space for names approximately 20.04 Mb
--- Use option 'names no' to turn use of names off
--- GMO memory 137.45 Mb (peak 140.21 Mb)
--- Dictionary memory 0.00 Mb
--- Cplex 20.1.0.1 link memory 11.21 Mb (peak 51.63 Mb)
--- Starting Cplex

Version identifier: 20.1.0.1 | 2021-04-07 | 3a818710c
CPXPARAM_Advance                                 0
CPXPARAM_Threads                                 1
CPXPARAM_MIP_Display                             4
CPXPARAM_MIP_Tolerances_AbsMIPGap                0
CPXPARAM_MIP_Tolerances_MIPGap                   0
Generic callback                                 0x50
Found incumbent of value 0.000000 after 0.02 sec. (17.89 ticks)
Tried aggregator 1 time.
MIP Presolve eliminated 356830 rows and 319064 columns.
Reduced MIP has 20510 rows, 38919 columns, and 59406 nonzeros.
Reduced MIP has 0 binaries, 0 generals, 0 SOSs, and 0 indicators.
Presolve time = 0.22 sec. (301.04 ticks)
Tried aggregator 1 time.
Detecting symmetries...
MIP Presolve eliminated 396 rows and 143 columns.
Reduced MIP has 20114 rows, 38523 columns, and 58614 nonzeros.
Reduced MIP has 0 binaries, 0 generals, 0 SOSs, and 0 indicators.
Presolve time = 0.05 sec. (53.53 ticks)
MIP emphasis: balance optimality and feasibility.
MIP search method: dynamic search.
Parallel mode: none, using 1 thread.

Iteration log . . .
Iteration:     1   Dual objective     =   20416972810.454823
Iteration:   795   Dual objective     =   17208424935.894821
Iteration:  1619   Dual objective     =   16718125228.625061
Iteration:  2426   Dual objective     =   16545453822.368637
Iteration:  3203   Dual objective     =   16379988738.116409
Iteration:  4010   Dual objective     =   16233299257.122911
Iteration:  4789   Dual objective     =   16111607056.817377
Iteration:  5565   Dual objective     =   15990076850.506689
Iteration:  6383   Dual objective     =   15795953868.950775
Iteration:  7131   Dual objective     =   15621371023.699835
Iteration:  7914   Dual objective     =   14990680351.491749
Iteration:  8808   Dual objective     =    6317392803.533157
Iteration:  9507   Dual objective     =    4403650736.681556
Iteration: 10224   Dual objective     =    3215557977.566532
Iteration: 10932   Dual objective     =    2749802595.197769
Iteration: 11690   Dual objective     =    2511487310.712396
Iteration: 12575   Dual objective     =    2378481849.029217
Iteration: 13346   Dual objective     =    2207852091.833167
Root relaxation solution time = 0.06 sec. (221.16 ticks)

        Nodes                                         Cuts/
   Node  Left     Objective  IInf  Best Integer    Best Bound    ItCnt     Gap

*     0+    0                            0.0000   2.04614e+10              --- 
Found incumbent of value 0.000000 after 0.38 sec. (634.83 ticks)
*     0     0      integral     0   2.20779e+09   2.20779e+09    13455    0.00%
Elapsed time = 0.39 sec. (644.16 ticks, tree = 0.00 MB, solutions = 1)
Found incumbent of value 2.2077913e+09 after 0.39 sec. (644.16 ticks)

Root node processing (before b&c):
  Real time             =    0.41 sec. (658.11 ticks)
Sequential b&c:
  Real time             =    0.00 sec. (0.00 ticks)
                          ------------
Total (root+branch&cut) =    0.41 sec. (658.11 ticks)

--- MIP status (101): integer optimal solution.
--- Cplex Time: 0.41sec (det. 659.14 ticks)

--- Fixing integer variables and solving final LP...

Version identifier: 20.1.0.1 | 2021-04-07 | 3a818710c
CPXPARAM_Advance                                 2
CPXPARAM_Threads                                 1
CPXPARAM_MIP_Display                             4
CPXPARAM_MIP_Tolerances_AbsMIPGap                0
CPXPARAM_MIP_Tolerances_MIPGap                   0
Tried aggregator 1 time.
LP Presolve eliminated 353643 rows and 319064 columns.
Reduced LP has 23697 rows, 42106 columns, and 65780 nonzeros.
Presolve time = 0.17 sec. (228.84 ticks)

Iteration log . . .
Iteration:     1   Dual objective     =   20416972810.454823
Iteration:   736   Dual objective     =   18789168865.559410
Iteration:  1564   Dual objective     =   18248921775.569469
Iteration:  2351   Dual objective     =   17833648800.323826
Iteration:  3146   Dual objective     =   15928524894.147623
Iteration:  3935   Dual objective     =   15743152495.113062
Iteration:  4732   Dual objective     =   15605771444.636345
Iteration:  5541   Dual objective     =   15501280967.928022
Iteration:  6151   Dual objective     =   15328800972.203529
Iteration:  6953   Dual objective     =   15213226301.578094
Iteration:  7782   Dual objective     =   15139379540.248083
Iteration:  8679   Dual objective     =   15053311797.988413
Iteration:  9563   Dual objective     =    6361653489.269279
Iteration: 10448   Dual objective     =    6279972330.123911
Iteration: 11143   Dual objective     =    3386841890.831209
Iteration: 11819   Dual objective     =    2995478545.979172
Iteration: 12524   Dual objective     =    2679490461.032423
Iteration: 13186   Dual objective     =    2512187862.215726
Iteration: 14111   Dual objective     =    2376417034.663211
Iteration: 14722   Dual objective     =    2211489936.236178

--- Fixed MIP status (1): optimal.
--- Cplex Time: 0.34sec (det. 624.08 ticks)


Proven optimal solution
MIP Solution:   2207791340.844780    (13455 iterations, 0 nodes)
Final Solve:    2207791340.844766    (15207 iterations)

Best possible:  2207791340.844780
Absolute gap:            0.000000
Relative gap:            0.000000

--- Reading solution for model Subproblem
--- TEP_ARO.gms(1872) 113 Mb  9 secs
--- Executing after solve: elapsed 0:00:18.794
--- TEP_ARO.gms(965) 113 Mb
--- Generating MIP model Master
--- TEP_ARO.gms(998) 130 Mb
--- LOOPS v = v2
---   297,716 rows  160,830 columns  608,746 non-zeroes
---   840 discrete-columns
--- Executing CPLEX (Solvelink=2): elapsed 0:00:20.880

IBM ILOG CPLEX   35.1.0 r82a9585 Released Apr 29, 2021 WEI x86 64bit/MS Window

--- GAMS/Cplex Link licensed for continuous and discrete problems.
--- Space for names approximately 14.01 Mb
--- Use option 'names no' to turn use of names off
--- GMO memory 79.95 Mb (peak 81.18 Mb)
--- Dictionary memory 0.00 Mb
--- Cplex 20.1.0.1 link memory 6.48 Mb (peak 31.56 Mb)
--- Starting Cplex

Version identifier: 20.1.0.1 | 2021-04-07 | 3a818710c
CPXPARAM_Advance                                 0
CPXPARAM_Threads                                 1
CPXPARAM_MIP_Display                             4
CPXPARAM_MIP_Tolerances_AbsMIPGap                0
CPXPARAM_MIP_Tolerances_MIPGap                   0
Generic callback                                 0x50
Tried aggregator 5 times.
MIP Presolve eliminated 244218 rows and 80384 columns.
MIP Presolve modified 3016 coefficients.
Aggregator did 30905 substitutions.
Reduced MIP has 22592 rows, 49541 columns, and 115164 nonzeros.
Reduced MIP has 0 binaries, 0 generals, 0 SOSs, and 0 indicators.
Presolve time = 0.33 sec. (435.68 ticks)
Tried aggregator 1 time.
MIP Presolve eliminated 6646 rows and 6688 columns.
Reduced MIP has 15946 rows, 42853 columns, and 88940 nonzeros.
Reduced MIP has 0 binaries, 0 generals, 0 SOSs, and 0 indicators.
Presolve time = 0.03 sec. (35.65 ticks)
Tried aggregator 1 time.
Detecting symmetries...
MIP Presolve eliminated 3175 rows and 3168 columns.
Reduced MIP has 12771 rows, 39685 columns, and 76343 nonzeros.
Reduced MIP has 0 binaries, 0 generals, 0 SOSs, and 0 indicators.
Presolve time = 0.06 sec. (68.32 ticks)
MIP emphasis: balance optimality and feasibility.
MIP search method: dynamic search.
Parallel mode: none, using 1 thread.
Initializing dual steep norms . . .

Iteration log . . .
Iteration:     1   Dual objective     =     200588918.390752
Iteration:   767   Dual objective     =     238760212.409458
Iteration:  1375   Dual objective     =     340173691.096627
Iteration:  1948   Dual objective     =     422753207.134264
Iteration:  2472   Dual objective     =     434262878.724193
Iteration:  3023   Dual objective     =     440977099.304098
Iteration:  3531   Dual objective     =     452429649.160240
Iteration:  4085   Dual objective     =     484172556.544954
Iteration:  4610   Dual objective     =     522008975.752234
Iteration:  5137   Dual objective     =     540534332.303322
Iteration:  5648   Dual objective     =     551613587.377486
Iteration:  6154   Dual objective     =     560453612.882390
Iteration:  6621   Dual objective     =     569212977.602894
Iteration:  6917   Dual objective     =     579088793.198287
Iteration:  7261   Dual objective     =     587243148.872772
Iteration:  7643   Dual objective     =     597860969.346224
Iteration:  8004   Dual objective     =     606240149.575583
Iteration:  8350   Dual objective     =     612465235.154960
Iteration:  8725   Dual objective     =     622144306.837575
Markowitz threshold set to 0.1
Iteration:  9077   Dual objective     =     629589369.855956
Iteration:  9618   Dual objective     =     631668023.934499
Iteration: 10142   Dual objective     =     632768434.601117
Iteration: 10604   Dual objective     =     634880918.554586
Iteration: 10943   Dual objective     =     640831306.358963
Iteration: 11263   Dual objective     =     646493463.609411
Iteration: 11591   Dual objective     =     651878833.228319
Iteration: 11918   Dual objective     =     655151306.962463
Iteration: 12280   Dual objective     =     658060912.291403
Iteration: 12600   Dual objective     =     660519619.124809
Iteration: 12940   Dual objective     =     661088365.786137
Iteration: 13226   Dual objective     =     673144797.545218
Iteration: 13475   Dual objective     =     678671248.842271
Iteration: 13731   Dual objective     =     682143539.853204
Root relaxation solution time = 0.30 sec. (392.64 ticks)

        Nodes                                         Cuts/
   Node  Left     Objective  IInf  Best Integer    Best Bound    ItCnt     Gap

*     0     0      integral     0   6.82219e+08   6.82219e+08    13852    0.00%
Elapsed time = 0.86 sec. (1149.36 ticks, tree = 0.00 MB, solutions = 1)
Found incumbent of value 6.8221939e+08 after 0.86 sec. (1149.36 ticks)

Root node processing (before b&c):
  Real time             =    0.88 sec. (1155.05 ticks)
Sequential b&c:
  Real time             =    0.00 sec. (0.00 ticks)
                          ------------
Total (root+branch&cut) =    0.88 sec. (1155.05 ticks)

--- MIP status (101): integer optimal solution.
--- Cplex Time: 0.88sec (det. 1155.51 ticks)

--- Fixing integer variables and solving final LP...

Version identifier: 20.1.0.1 | 2021-04-07 | 3a818710c
CPXPARAM_Advance                                 2
CPXPARAM_Threads                                 1
CPXPARAM_MIP_Display                             4
CPXPARAM_MIP_Tolerances_AbsMIPGap                0
CPXPARAM_MIP_Tolerances_MIPGap                   0
Tried aggregator 1 time.
LP Presolve eliminated 242633 rows and 78400 columns.
Aggregator did 30391 substitutions.
Reduced LP has 24691 rows, 52039 columns, and 122258 nonzeros.
Presolve time = 0.19 sec. (208.88 ticks)
Symmetry aggregator did 23572 additional substitutions.
Initializing dual steep norms . . .

Iteration log . . .
Iteration:     1   Dual objective     =     177945019.164272
Iteration:   744   Dual objective     =     228456712.216456
Iteration:  1353   Dual objective     =     276206412.481518
Iteration:  1909   Dual objective     =     366741932.636352
Iteration:  2441   Dual objective     =     376322960.825799
Iteration:  2997   Dual objective     =     397416063.046894
Iteration:  3519   Dual objective     =     433375722.022435
Iteration:  4056   Dual objective     =     445992983.422579
Iteration:  4590   Dual objective     =     457112548.201892
Iteration:  5147   Dual objective     =     470307653.432633
Iteration:  5690   Dual objective     =     516167922.623935
Iteration:  6204   Dual objective     =     558764304.670669
Iteration:  6703   Dual objective     =     567301858.038260
Iteration:  7209   Dual objective     =     577302441.867035
Iteration:  7532   Dual objective     =     592062536.025632
Iteration:  7921   Dual objective     =     600233435.192494
Iteration:  8324   Dual objective     =     607002316.430405
Iteration:  8692   Dual objective     =     614209178.084433
Iteration:  9065   Dual objective     =     621063468.633158
Iteration:  9424   Dual objective     =     629551793.448432
Iteration:  9815   Dual objective     =     634567306.930253
Iteration: 10122   Dual objective     =     641615627.603204
Iteration: 10542   Dual objective     =     645668077.030238
Iteration: 10904   Dual objective     =     647445689.264341
Iteration: 11239   Dual objective     =     650718613.134464
Iteration: 11567   Dual objective     =     656051740.364665
Iteration: 11945   Dual objective     =     658460744.212077
Iteration: 12303   Dual objective     =     659871476.419566
Iteration: 12657   Dual objective     =     660455907.973523
Iteration: 12980   Dual objective     =     667298359.821113
Iteration: 13245   Dual objective     =     674306525.028664
Iteration: 13531   Dual objective     =     677515678.676309

Dual crossover.
  Dual:  Fixing 8 variables.
        7 DMoves:  Infeasibility  3.06687033e-07  Objective  6.82219395e+08
        0 DMoves:  Infeasibility  3.06279580e-07  Objective  6.82219395e+08
  Dual:  Pushed 2, exchanged 6.
  Primal:  Fixing 17 variables.
       16 PMoves:  Infeasibility  0.00000000e+00  Objective  6.82219395e+08
        0 PMoves:  Infeasibility  0.00000000e+00  Objective  6.82219395e+08
  Primal:  Pushed 17, exchanged 0.

--- Fixed MIP status (1): optimal.
--- Cplex Time: 0.58sec (det. 798.40 ticks)


Proven optimal solution
MIP Solution:    682219394.707904    (13852 iterations, 0 nodes)
Final Solve:     682219394.707914    (13791 iterations)

Best possible:   682219394.707904
Absolute gap:            0.000000
Relative gap:            0.000000

--- Reading solution for model Master
--- TEP_ARO.gms(998) 130 Mb  7 secs
--- Executing after solve: elapsed 0:00:27.187
--- TEP_ARO.gms(965) 130 Mb
--- Generating MIP model Subproblem
--- TEP_ARO.gms(1872) 197 Mb
--- LOOPS v = v2
---   377,341 rows  361,170 columns  1,150,971 non-zeroes
---   46,690 discrete-columns
--- Executing CPLEX (Solvelink=2): elapsed 0:00:31.736

IBM ILOG CPLEX   35.1.0 r82a9585 Released Apr 29, 2021 WEI x86 64bit/MS Window

--- GAMS/Cplex Link licensed for continuous and discrete problems.
--- Space for names approximately 20.04 Mb
--- Use option 'names no' to turn use of names off
--- GMO memory 137.45 Mb (peak 140.21 Mb)
--- Dictionary memory 0.00 Mb
--- Cplex 20.1.0.1 link memory 11.21 Mb (peak 51.63 Mb)
--- Starting Cplex

Version identifier: 20.1.0.1 | 2021-04-07 | 3a818710c
CPXPARAM_Advance                                 2
CPXPARAM_Threads                                 1
CPXPARAM_MIP_Display                             4
CPXPARAM_MIP_Tolerances_AbsMIPGap                0
CPXPARAM_MIP_Tolerances_MIPGap                   0
Generic callback                                 0x50
Found incumbent of value 0.000000 after 0.01 sec. (17.89 ticks)
Tried aggregator 1 time.
MIP Presolve eliminated 356830 rows and 319064 columns.
Reduced MIP has 20510 rows, 38919 columns, and 59406 nonzeros.
Reduced MIP has 0 binaries, 0 generals, 0 SOSs, and 0 indicators.
Presolve time = 0.22 sec. (301.04 ticks)
Tried aggregator 1 time.
Detecting symmetries...
MIP Presolve eliminated 396 rows and 143 columns.
Reduced MIP has 20114 rows, 38523 columns, and 58614 nonzeros.
Reduced MIP has 0 binaries, 0 generals, 0 SOSs, and 0 indicators.
Presolve time = 0.05 sec. (53.53 ticks)
MIP emphasis: balance optimality and feasibility.
MIP search method: dynamic search.
Parallel mode: none, using 1 thread.

Iteration log . . .
Iteration:     1   Dual objective     =   20416972810.454823
Iteration:   795   Dual objective     =   17208424935.894821
Iteration:  1619   Dual objective     =   16718125228.625061
Iteration:  2426   Dual objective     =   16545453822.368637
Iteration:  3203   Dual objective     =   16379988738.116409
Iteration:  4010   Dual objective     =   16233299257.122911
Iteration:  4789   Dual objective     =   16111607056.817377
Iteration:  5565   Dual objective     =   15990076850.506689
Iteration:  6383   Dual objective     =   15795953868.950775
Iteration:  7131   Dual objective     =   15621371023.699835
Iteration:  7914   Dual objective     =   14990680351.491749
Iteration:  8808   Dual objective     =    6317392803.533157
Iteration:  9507   Dual objective     =    4403650736.681556
Iteration: 10224   Dual objective     =    3215557977.566532
Iteration: 10932   Dual objective     =    2749802595.197769
Iteration: 11690   Dual objective     =    2511487310.712396
Iteration: 12575   Dual objective     =    2378481849.029217
Iteration: 13346   Dual objective     =    2207852091.833167
Root relaxation solution time = 0.06 sec. (221.16 ticks)

        Nodes                                         Cuts/
   Node  Left     Objective  IInf  Best Integer    Best Bound    ItCnt     Gap

*     0+    0                            0.0000   2.04614e+10              --- 
Found incumbent of value 0.000000 after 0.39 sec. (634.83 ticks)
*     0     0      integral     0   2.20779e+09   2.20779e+09    13455    0.00%
Elapsed time = 0.39 sec. (644.16 ticks, tree = 0.00 MB, solutions = 1)
Found incumbent of value 2.2077913e+09 after 0.39 sec. (644.16 ticks)

Root node processing (before b&c):
  Real time             =    0.41 sec. (658.11 ticks)
Sequential b&c:
  Real time             =    0.00 sec. (0.00 ticks)
                          ------------
Total (root+branch&cut) =    0.41 sec. (658.11 ticks)

--- MIP status (101): integer optimal solution.
--- Cplex Time: 0.41sec (det. 659.14 ticks)

--- Fixing integer variables and solving final LP...

Version identifier: 20.1.0.1 | 2021-04-07 | 3a818710c
CPXPARAM_Advance                                 2
CPXPARAM_Threads                                 1
CPXPARAM_MIP_Display                             4
CPXPARAM_MIP_Tolerances_AbsMIPGap                0
CPXPARAM_MIP_Tolerances_MIPGap                   0
Tried aggregator 1 time.
LP Presolve eliminated 353643 rows and 319064 columns.
Reduced LP has 23697 rows, 42106 columns, and 65780 nonzeros.
Presolve time = 0.17 sec. (228.84 ticks)

Iteration log . . .
Iteration:     1   Dual objective     =   20416972810.454823
Iteration:   736   Dual objective     =   18789168865.559410
Iteration:  1564   Dual objective     =   18248921775.569469
Iteration:  2351   Dual objective     =   17833648800.323826
Iteration:  3146   Dual objective     =   15928524894.147623
Iteration:  3935   Dual objective     =   15743152495.113062
Iteration:  4732   Dual objective     =   15605771444.636345
Iteration:  5541   Dual objective     =   15501280967.928022
Iteration:  6151   Dual objective     =   15328800972.203529
Iteration:  6953   Dual objective     =   15213226301.578094
Iteration:  7782   Dual objective     =   15139379540.248083
Iteration:  8679   Dual objective     =   15053311797.988413
Iteration:  9563   Dual objective     =    6361653489.269279
Iteration: 10448   Dual objective     =    6279972330.123911
Iteration: 11143   Dual objective     =    3386841890.831209
Iteration: 11819   Dual objective     =    2995478545.979172
Iteration: 12524   Dual objective     =    2679490461.032423
Iteration: 13186   Dual objective     =    2512187862.215726
Iteration: 14111   Dual objective     =    2376417034.663211
Iteration: 14722   Dual objective     =    2211489936.236178

--- Fixed MIP status (1): optimal.
--- Cplex Time: 0.33sec (det. 624.08 ticks)


Proven optimal solution
MIP Solution:   2207791340.844780    (13455 iterations, 0 nodes)
Final Solve:    2207791340.844766    (15207 iterations)

Best possible:  2207791340.844780
Absolute gap:            0.000000
Relative gap:            0.000000

--- Reading solution for model Subproblem
--- TEP_ARO.gms(1872) 197 Mb  9 secs
--- Executing after solve: elapsed 0:00:39.858
--- TEP_ARO.gms(965) 197 Mb
--- Generating MIP model Master
--- TEP_ARO.gms(998) 205 Mb
--- LOOPS v = v3
---   446,573 rows  240,824 columns  912,278 non-zeroes
---   840 discrete-columns
--- Executing CPLEX (Solvelink=2): elapsed 0:00:43.833

IBM ILOG CPLEX   35.1.0 r82a9585 Released Apr 29, 2021 WEI x86 64bit/MS Window

--- GAMS/Cplex Link licensed for continuous and discrete problems.
--- Space for names approximately 21.00 Mb
--- Use option 'names no' to turn use of names off
--- GMO memory 119.88 Mb (peak 121.72 Mb)
--- Dictionary memory 0.00 Mb
--- Cplex 20.1.0.1 link memory 9.70 Mb (peak 47.30 Mb)
--- Starting Cplex

Version identifier: 20.1.0.1 | 2021-04-07 | 3a818710c
CPXPARAM_Advance                                 0
CPXPARAM_Threads                                 1
CPXPARAM_MIP_Display                             4
CPXPARAM_MIP_Tolerances_AbsMIPGap                0
CPXPARAM_MIP_Tolerances_MIPGap                   0
Generic callback                                 0x50
Tried aggregator 5 times.
MIP Presolve eliminated 362482 rows and 98894 columns.
MIP Presolve modified 3634 coefficients.
Aggregator did 48635 substitutions.
Reduced MIP has 35455 rows, 93295 columns, and 237572 nonzeros.
Reduced MIP has 0 binaries, 0 generals, 0 SOSs, and 0 indicators.
Presolve time = 0.52 sec. (739.05 ticks)
Tried aggregator 1 time.
Detecting symmetries...
MIP Presolve eliminated 9889 rows and 9867 columns.
Reduced MIP has 25566 rows, 83428 columns, and 198440 nonzeros.
Reduced MIP has 0 binaries, 0 generals, 0 SOSs, and 0 indicators.
Presolve time = 0.13 sec. (149.20 ticks)
MIP emphasis: balance optimality and feasibility.
MIP search method: dynamic search.
Parallel mode: none, using 1 thread.

Iteration log . . .
Iteration:     1   Dual objective     =     180222840.611652
Perturbation started.
Iteration:   202   Dual objective     =     180222840.611652
Iteration:   975   Dual objective     =     180267736.872436
Iteration:  1784   Dual objective     =     213309169.996354
Iteration:  2624   Dual objective     =     223607412.001136
Iteration:  3403   Dual objective     =     240754373.697907
Iteration:  4151   Dual objective     =     244106933.333989
Iteration:  4918   Dual objective     =     279312949.338950
Iteration:  5712   Dual objective     =     325694832.472874
Iteration:  6482   Dual objective     =     371392244.203565
Iteration:  7248   Dual objective     =     395342699.641170
Iteration:  8057   Dual objective     =     405421618.346561
Iteration:  8830   Dual objective     =     430414708.472911
Iteration:  9592   Dual objective     =     445872039.251516
Iteration: 10338   Dual objective     =     450853060.637379
Iteration: 11087   Dual objective     =     458433297.009438
Iteration: 11855   Dual objective     =     460992032.237137
Iteration: 12589   Dual objective     =     507847379.185221
Iteration: 13312   Dual objective     =     524683739.741049
Iteration: 14058   Dual objective     =     533730317.234377
Iteration: 14775   Dual objective     =     543421287.544360
Iteration: 15463   Dual objective     =     550313043.642200
Iteration: 16174   Dual objective     =     557890525.333458
Iteration: 16876   Dual objective     =     564221810.858987
Iteration: 17557   Dual objective     =     567548996.769518
Iteration: 18255   Dual objective     =     575877765.478396
Iteration: 18964   Dual objective     =     581129445.303677
Iteration: 19412   Dual objective     =     584917998.230359
Iteration: 19864   Dual objective     =     592124017.095430
Iteration: 20337   Dual objective     =     598610372.021179
Iteration: 20865   Dual objective     =     603009411.236096
Iteration: 21397   Dual objective     =     607768446.785483
Iteration: 21881   Dual objective     =     612944327.058476
Iteration: 22359   Dual objective     =     619521826.874180
Iteration: 22829   Dual objective     =     625136178.668427
Iteration: 23306   Dual objective     =     630091772.309417
Iteration: 23800   Dual objective     =     635156209.097563
Iteration: 24281   Dual objective     =     638610710.895162
Iteration: 24796   Dual objective     =     640929212.495319
Iteration: 25242   Dual objective     =     644342180.914864
Iteration: 25782   Dual objective     =     647535033.500789
Iteration: 26268   Dual objective     =     649786739.552475
Iteration: 26786   Dual objective     =     652037388.979507
Iteration: 27271   Dual objective     =     654076586.828950
Iteration: 27718   Dual objective     =     656365473.011760
Iteration: 28228   Dual objective     =     658151553.649212
Iteration: 28740   Dual objective     =     659250110.570585
Iteration: 29177   Dual objective     =     660224952.552500
Iteration: 29610   Dual objective     =     660570478.278019
Iteration: 30043   Dual objective     =     662419793.926529
Iteration: 30436   Dual objective     =     665611761.378647
Iteration: 30821   Dual objective     =     671378143.398027
Iteration: 31265   Dual objective     =     677294697.200435
Iteration: 31646   Dual objective     =     681230859.430900
Iteration: 31854   Dual objective     =     682197644.771667
Iteration: 32117   Dual objective     =     682203949.415355
Iteration: 32515   Dual objective     =     682217042.875055
Iteration: 32866   Dual objective     =     682219379.051265
Markowitz threshold set to 0.1
Iteration: 33072   Dual objective     =     682219395.831511
Iteration: 33079   Dual objective     =     682219395.831635
Removing perturbation.
Iteration: 33081   Dual objective     =     682219394.707905
Root relaxation solution time = 1.34 sec. (3508.52 ticks)

        Nodes                                         Cuts/
   Node  Left     Objective  IInf  Best Integer    Best Bound    ItCnt     Gap

*     0     0      integral     0   6.82219e+08   6.82219e+08    33081    0.00%
Elapsed time = 2.41 sec. (5022.89 ticks, tree = 0.00 MB, solutions = 1)
Found incumbent of value 6.8221939e+08 after 2.41 sec. (5022.89 ticks)

Root node processing (before b&c):
  Real time             =    2.42 sec. (5030.76 ticks)
Sequential b&c:
  Real time             =    0.00 sec. (0.00 ticks)
                          ------------
Total (root+branch&cut) =    2.42 sec. (5030.76 ticks)

--- MIP status (101): integer optimal solution.
--- Cplex Time: 2.42sec (det. 5031.44 ticks)

--- Fixing integer variables and solving final LP...

Version identifier: 20.1.0.1 | 2021-04-07 | 3a818710c
CPXPARAM_Advance                                 2
CPXPARAM_Threads                                 1
CPXPARAM_MIP_Display                             4
CPXPARAM_MIP_Tolerances_AbsMIPGap                0
CPXPARAM_MIP_Tolerances_MIPGap                   0
Tried aggregator 1 time.
LP Presolve eliminated 361107 rows and 97179 columns.
Aggregator did 47971 substitutions.
Reduced LP has 37494 rows, 95674 columns, and 245638 nonzeros.
Presolve time = 0.36 sec. (384.49 ticks)

Iteration log . . .
Iteration:     1   Dual objective     =     136678665.082233
Perturbation started.
Iteration:   202   Dual objective     =     136678665.082233
Iteration:  1099   Dual objective     =     136723561.305286
Iteration:  1982   Dual objective     =     185955703.947186
Iteration:  2916   Dual objective     =     203353120.820198
Iteration:  3810   Dual objective     =     207291681.989785
Iteration:  4681   Dual objective     =     219081820.543076
Iteration:  5536   Dual objective     =     229536038.671720
Iteration:  6390   Dual objective     =     231893224.682277
Iteration:  7291   Dual objective     =     232990491.472863
Iteration:  8172   Dual objective     =     234374638.348343
Iteration:  9110   Dual objective     =     237429897.301208
Iteration:  9999   Dual objective     =     307510025.538033
Iteration: 10878   Dual objective     =     321965921.806773
Iteration: 11743   Dual objective     =     337829507.435811
Iteration: 12621   Dual objective     =     366796758.209751
Iteration: 13458   Dual objective     =     373617174.671715
Iteration: 14368   Dual objective     =     400094592.727437
Iteration: 15209   Dual objective     =     411287839.769617
Iteration: 16025   Dual objective     =     431739399.670116
Iteration: 16857   Dual objective     =     437058049.356610
Iteration: 17691   Dual objective     =     440311559.759649
Iteration: 18502   Dual objective     =     455822312.003187
Iteration: 19370   Dual objective     =     465829981.756772
Iteration: 20217   Dual objective     =     477946637.384365
Iteration: 21010   Dual objective     =     487133089.461742
Iteration: 21776   Dual objective     =     515432013.434630
Iteration: 22607   Dual objective     =     533240555.677728
Iteration: 23398   Dual objective     =     543277400.166727
Iteration: 24208   Dual objective     =     559612563.065537
Iteration: 24986   Dual objective     =     565978007.353307
Iteration: 25799   Dual objective     =     572082020.040281
Iteration: 26302   Dual objective     =     573150854.260264
Iteration: 26850   Dual objective     =     575908275.707127
Iteration: 27475   Dual objective     =     586418838.792165
Iteration: 28112   Dual objective     =     591229377.056913
Iteration: 28756   Dual objective     =     598031251.920277
Iteration: 29383   Dual objective     =     603248852.728163
Iteration: 29887   Dual objective     =     605657239.563915
Iteration: 30426   Dual objective     =     609879090.495683
Iteration: 30991   Dual objective     =     614031623.950749
Iteration: 31522   Dual objective     =     617273015.764182
Iteration: 31950   Dual objective     =     619236018.928991
Iteration: 32471   Dual objective     =     623204774.960423
Iteration: 33048   Dual objective     =     628751801.306250
Iteration: 33585   Dual objective     =     632820692.548185
Iteration: 34113   Dual objective     =     635736361.041005
Iteration: 34680   Dual objective     =     640428273.408361
Markowitz threshold set to 0.1
Iteration: 35272   Dual objective     =     645858160.357900
Iteration: 36293   Dual objective     =     647579705.700695
Iteration: 37071   Dual objective     =     649281435.391863
Iteration: 37631   Dual objective     =     651146503.790721
Iteration: 38154   Dual objective     =     652268992.939972
Iteration: 38663   Dual objective     =     654194012.956683
Iteration: 39050   Dual objective     =     655002494.618293
Iteration: 39520   Dual objective     =     655903700.992687
Iteration: 39974   Dual objective     =     656772410.460140
Iteration: 40415   Dual objective     =     657446896.852130
Iteration: 40818   Dual objective     =     658025224.987995
Iteration: 41243   Dual objective     =     658730549.349144
Iteration: 41696   Dual objective     =     659430686.061065
Iteration: 42246   Dual objective     =     660186694.277488
Iteration: 42711   Dual objective     =     660484507.307133
Iteration: 43260   Dual objective     =     660871593.030431
Iteration: 43798   Dual objective     =     661048815.280574
Iteration: 44025   Dual objective     =     665145311.693894
Iteration: 44412   Dual objective     =     665285733.889399
Iteration: 44860   Dual objective     =     679057439.115904
Iteration: 45261   Dual objective     =     681030496.545009
Iteration: 45786   Dual objective     =     681978539.688732
Iteration: 46233   Dual objective     =     682215891.918911
Iteration: 46630   Dual objective     =     682219336.823563
Iteration: 46825   Dual objective     =     682219395.990282
Iteration: 46833   Dual objective     =     682219395.990389
Iteration: 46847   Dual objective     =     682219395.990423
Removing perturbation.

--- Fixed MIP status (1): optimal.
--- Cplex Time: 3.20sec (det. 8620.97 ticks)


Proven optimal solution
MIP Solution:    682219394.707902    (33081 iterations, 0 nodes)
Final Solve:     682219394.707909    (46849 iterations)

Best possible:   682219394.707902
Absolute gap:            0.000000
Relative gap:            0.000000

--- Reading solution for model Master
--- TEP_ARO.gms(998) 205 Mb  14 secs
--- Executing after solve: elapsed 0:00:56.759
--- TEP_ARO.gms(965) 205 Mb
--- Generating MIP model Subproblem
--- TEP_ARO.gms(1872) 215 Mb
--- LOOPS v = v3
---   377,341 rows  361,170 columns  1,150,971 non-zeroes
---   46,690 discrete-columns
--- Executing CPLEX (Solvelink=2): elapsed 0:01:02.015

IBM ILOG CPLEX   35.1.0 r82a9585 Released Apr 29, 2021 WEI x86 64bit/MS Window

--- GAMS/Cplex Link licensed for continuous and discrete problems.
--- Space for names approximately 20.04 Mb
--- Use option 'names no' to turn use of names off
--- GMO memory 137.45 Mb (peak 140.21 Mb)
--- Dictionary memory 0.00 Mb
--- Cplex 20.1.0.1 link memory 11.21 Mb (peak 51.63 Mb)
--- Starting Cplex

Version identifier: 20.1.0.1 | 2021-04-07 | 3a818710c
CPXPARAM_Advance                                 2
CPXPARAM_Threads                                 1
CPXPARAM_MIP_Display                             4
CPXPARAM_MIP_Tolerances_AbsMIPGap                0
CPXPARAM_MIP_Tolerances_MIPGap                   0
Generic callback                                 0x50
Found incumbent of value 0.000000 after 0.01 sec. (17.89 ticks)
Tried aggregator 1 time.
MIP Presolve eliminated 356830 rows and 319064 columns.
Reduced MIP has 20510 rows, 38919 columns, and 59406 nonzeros.
Reduced MIP has 0 binaries, 0 generals, 0 SOSs, and 0 indicators.
Presolve time = 0.22 sec. (301.04 ticks)
Tried aggregator 1 time.
Detecting symmetries...
MIP Presolve eliminated 396 rows and 143 columns.
Reduced MIP has 20114 rows, 38523 columns, and 58614 nonzeros.
Reduced MIP has 0 binaries, 0 generals, 0 SOSs, and 0 indicators.
Presolve time = 0.03 sec. (53.53 ticks)
MIP emphasis: balance optimality and feasibility.
MIP search method: dynamic search.
Parallel mode: none, using 1 thread.

Iteration log . . .
Iteration:     1   Dual objective     =   20416972810.454823
Iteration:   795   Dual objective     =   17208424935.894821
Iteration:  1619   Dual objective     =   16718125228.625061
Iteration:  2426   Dual objective     =   16545453822.368637
Iteration:  3203   Dual objective     =   16379988738.116409
Iteration:  4010   Dual objective     =   16233299257.122911
Iteration:  4789   Dual objective     =   16111607056.817377
Iteration:  5565   Dual objective     =   15990076850.506689
Iteration:  6383   Dual objective     =   15795953868.950775
Iteration:  7131   Dual objective     =   15621371023.699835
Iteration:  7914   Dual objective     =   14990680351.491749
Iteration:  8808   Dual objective     =    6317392803.533157
Iteration:  9507   Dual objective     =    4403650736.681556
Iteration: 10224   Dual objective     =    3215557977.566532
Iteration: 10932   Dual objective     =    2749802595.197769
Iteration: 11690   Dual objective     =    2511487310.712396
Iteration: 12575   Dual objective     =    2378481849.029217
Iteration: 13346   Dual objective     =    2207852091.833167
Root relaxation solution time = 0.06 sec. (221.16 ticks)

        Nodes                                         Cuts/
   Node  Left     Objective  IInf  Best Integer    Best Bound    ItCnt     Gap

*     0+    0                            0.0000   2.04614e+10              --- 
Found incumbent of value 0.000000 after 0.38 sec. (634.83 ticks)
*     0     0      integral     0   2.20779e+09   2.20779e+09    13455    0.00%
Elapsed time = 0.38 sec. (644.16 ticks, tree = 0.00 MB, solutions = 1)
Found incumbent of value 2.2077913e+09 after 0.38 sec. (644.16 ticks)

Root node processing (before b&c):
  Real time             =    0.39 sec. (658.11 ticks)
Sequential b&c:
  Real time             =    0.00 sec. (0.00 ticks)
                          ------------
Total (root+branch&cut) =    0.39 sec. (658.11 ticks)

--- MIP status (101): integer optimal solution.
--- Cplex Time: 0.39sec (det. 659.14 ticks)

--- Fixing integer variables and solving final LP...

Version identifier: 20.1.0.1 | 2021-04-07 | 3a818710c
CPXPARAM_Advance                                 2
CPXPARAM_Threads                                 1
CPXPARAM_MIP_Display                             4
CPXPARAM_MIP_Tolerances_AbsMIPGap                0
CPXPARAM_MIP_Tolerances_MIPGap                   0
Tried aggregator 1 time.
LP Presolve eliminated 353643 rows and 319064 columns.
Reduced LP has 23697 rows, 42106 columns, and 65780 nonzeros.
Presolve time = 0.17 sec. (228.84 ticks)

Iteration log . . .
Iteration:     1   Dual objective     =   20416972810.454823
Iteration:   736   Dual objective     =   18789168865.559410
Iteration:  1564   Dual objective     =   18248921775.569469
Iteration:  2351   Dual objective     =   17833648800.323826
Iteration:  3146   Dual objective     =   15928524894.147623
Iteration:  3935   Dual objective     =   15743152495.113062
Iteration:  4732   Dual objective     =   15605771444.636345
Iteration:  5541   Dual objective     =   15501280967.928022
Iteration:  6151   Dual objective     =   15328800972.203529
Iteration:  6953   Dual objective     =   15213226301.578094
Iteration:  7782   Dual objective     =   15139379540.248083
Iteration:  8679   Dual objective     =   15053311797.988413
Iteration:  9563   Dual objective     =    6361653489.269279
Iteration: 10448   Dual objective     =    6279972330.123911
Iteration: 11143   Dual objective     =    3386841890.831209
Iteration: 11819   Dual objective     =    2995478545.979172
Iteration: 12524   Dual objective     =    2679490461.032423
Iteration: 13186   Dual objective     =    2512187862.215726
Iteration: 14111   Dual objective     =    2376417034.663211
Iteration: 14722   Dual objective     =    2211489936.236178

--- Fixed MIP status (1): optimal.
--- Cplex Time: 0.33sec (det. 624.08 ticks)


Proven optimal solution
MIP Solution:   2207791340.844780    (13455 iterations, 0 nodes)
Final Solve:    2207791340.844766    (15207 iterations)

Best possible:  2207791340.844780
Absolute gap:            0.000000
Relative gap:            0.000000

--- Reading solution for model Subproblem
--- TEP_ARO.gms(1872) 215 Mb  10 secs
--- Executing after solve: elapsed 0:01:10.306
--- TEP_ARO.gms(965) 215 Mb
--- Generating MIP model Master
--- TEP_ARO.gms(998) 234 Mb
--- LOOPS v = v4
---   595,430 rows  320,818 columns  1,215,810 non-zeroes
---   840 discrete-columns
--- Executing CPLEX (Solvelink=2): elapsed 0:01:15.940

IBM ILOG CPLEX   35.1.0 r82a9585 Released Apr 29, 2021 WEI x86 64bit/MS Window

--- GAMS/Cplex Link licensed for continuous and discrete problems.
--- Space for names approximately 27.99 Mb
--- Use option 'names no' to turn use of names off
--- GMO memory 159.81 Mb (peak 162.26 Mb)
--- Dictionary memory 0.00 Mb
--- Cplex 20.1.0.1 link memory 12.93 Mb (peak 63.05 Mb)
--- Starting Cplex

Version identifier: 20.1.0.1 | 2021-04-07 | 3a818710c
CPXPARAM_Advance                                 0
CPXPARAM_Threads                                 1
CPXPARAM_MIP_Display                             4
CPXPARAM_MIP_Tolerances_AbsMIPGap                0
CPXPARAM_MIP_Tolerances_MIPGap                   0
Generic callback                                 0x50
Tried aggregator 5 times.
MIP Presolve eliminated 481415 rows and 120033 columns.
MIP Presolve modified 4186 coefficients.
Aggregator did 65937 substitutions.
Reduced MIP has 48077 rows, 134848 columns, and 336246 nonzeros.
Reduced MIP has 0 binaries, 0 generals, 0 SOSs, and 0 indicators.
Presolve time = 0.75 sec. (1026.12 ticks)
Tried aggregator 1 time.
Detecting symmetries...
MIP Presolve eliminated 10385 rows and 10362 columns.
Reduced MIP has 37692 rows, 124486 columns, and 295086 nonzeros.
Reduced MIP has 0 binaries, 0 generals, 0 SOSs, and 0 indicators.
Presolve time = 0.20 sec. (230.24 ticks)
MIP emphasis: balance optimality and feasibility.
MIP search method: dynamic search.
Parallel mode: none, using 1 thread.

Iteration log . . .
Iteration:     1   Dual objective     =     180222840.611652
Perturbation started.
Iteration:   202   Dual objective     =     180222840.611652
Iteration:  1140   Dual objective     =     180243321.951554
Iteration:  1974   Dual objective     =     197880079.981621
Iteration:  2700   Dual objective     =     215548257.573715
Iteration:  3724   Dual objective     =     223183086.333800
Iteration:  4678   Dual objective     =     238363912.181648
Iteration:  5599   Dual objective     =     243270386.715296
Iteration:  6528   Dual objective     =     246394436.061255
Iteration:  7513   Dual objective     =     279882840.679821
Iteration:  8463   Dual objective     =     352773988.715763
Iteration:  9412   Dual objective     =     372595261.939978
Iteration: 10337   Dual objective     =     394754213.211534
Iteration: 11318   Dual objective     =     401333988.267554
Iteration: 12214   Dual objective     =     416045759.916144
Iteration: 13124   Dual objective     =     433998209.197831
Iteration: 13957   Dual objective     =     447061286.565108
Iteration: 14815   Dual objective     =     451106183.905078
Iteration: 15665   Dual objective     =     456321281.019121
Iteration: 16572   Dual objective     =     460945483.660554
Iteration: 17447   Dual objective     =     463388075.019192
Iteration: 18304   Dual objective     =     506716992.548447
Iteration: 19142   Dual objective     =     524141727.373027
Iteration: 20018   Dual objective     =     528419659.678521
Iteration: 20898   Dual objective     =     535597840.787298
Iteration: 21731   Dual objective     =     544137405.414650
Iteration: 22565   Dual objective     =     549929956.441525
Iteration: 23434   Dual objective     =     552249205.815186
Iteration: 24265   Dual objective     =     558508549.648700
Iteration: 25068   Dual objective     =     563713505.733635
Iteration: 25839   Dual objective     =     566339417.326724
Iteration: 26638   Dual objective     =     572443402.532370
Iteration: 27476   Dual objective     =     576642338.774243
Iteration: 28302   Dual objective     =     580239683.321253
Iteration: 28859   Dual objective     =     585201011.277989
Iteration: 29412   Dual objective     =     591047603.655541
Iteration: 29967   Dual objective     =     595596065.046446
Iteration: 30573   Dual objective     =     600895927.188428
Iteration: 31204   Dual objective     =     604686449.372795
Iteration: 31857   Dual objective     =     608677266.409997
Iteration: 32454   Dual objective     =     614540750.897834
Iteration: 33048   Dual objective     =     618596725.014017
Iteration: 33607   Dual objective     =     623262412.599925
Iteration: 34166   Dual objective     =     626464760.366705
Iteration: 34768   Dual objective     =     630742281.561173
Iteration: 35364   Dual objective     =     634105095.957382
Iteration: 35980   Dual objective     =     637038805.090689
Markowitz threshold set to 0.1
Iteration: 36579   Dual objective     =     639464740.851706
Iteration: 37644   Dual objective     =     640894820.018358
Iteration: 38577   Dual objective     =     641648612.930376
Iteration: 39541   Dual objective     =     642525254.078861
Iteration: 40347   Dual objective     =     643892353.326111
Iteration: 41023   Dual objective     =     646038126.241634
Iteration: 41588   Dual objective     =     648236652.194693
Iteration: 42150   Dual objective     =     650713668.094612
Iteration: 42648   Dual objective     =     654777817.492871
Iteration: 43193   Dual objective     =     656676128.265490
Iteration: 43760   Dual objective     =     657957506.328408
Iteration: 44386   Dual objective     =     658920823.002448
Iteration: 44949   Dual objective     =     660227364.084683
Iteration: 45562   Dual objective     =     660967457.551579
Iteration: 46112   Dual objective     =     661410113.321720
Iteration: 46503   Dual objective     =     661466732.972501
Iteration: 46832   Dual objective     =     665661544.489173
Iteration: 47266   Dual objective     =     668239563.931400
Iteration: 47714   Dual objective     =     675546600.254205
Iteration: 47911   Dual objective     =     675673313.375874
Iteration: 48377   Dual objective     =     681288190.453310
Iteration: 48656   Dual objective     =     682007087.932611
Iteration: 49103   Dual objective     =     682171588.093644
Iteration: 49587   Dual objective     =     682210719.300036
Iteration: 50029   Dual objective     =     682216793.483136
Iteration: 50514   Dual objective     =     682218486.585069
Iteration: 50982   Dual objective     =     682219390.516489
Iteration: 51430   Dual objective     =     682219396.383707
Iteration: 51445   Dual objective     =     682219396.383857
Removing perturbation.
Root relaxation solution time = 2.92 sec. (8316.35 ticks)

        Nodes                                         Cuts/
   Node  Left     Objective  IInf  Best Integer    Best Bound    ItCnt     Gap

*     0     0      integral     0   6.82219e+08   6.82219e+08    51446    0.00%
Elapsed time = 4.14 sec. (9918.51 ticks, tree = 0.00 MB, solutions = 1)
Found incumbent of value 6.8221939e+08 after 4.14 sec. (9918.51 ticks)

Root node processing (before b&c):
  Real time             =    4.16 sec. (9929.21 ticks)
Sequential b&c:
  Real time             =    0.00 sec. (0.00 ticks)
                          ------------
Total (root+branch&cut) =    4.16 sec. (9929.21 ticks)

--- MIP status (101): integer optimal solution.
--- Cplex Time: 4.16sec (det. 9930.13 ticks)

--- Fixing integer variables and solving final LP...

Version identifier: 20.1.0.1 | 2021-04-07 | 3a818710c
CPXPARAM_Advance                                 2
CPXPARAM_Threads                                 1
CPXPARAM_MIP_Display                             4
CPXPARAM_MIP_Tolerances_AbsMIPGap                0
CPXPARAM_MIP_Tolerances_MIPGap                   0
Tried aggregator 1 time.
LP Presolve eliminated 479755 rows and 117840 columns.
Aggregator did 65574 substitutions.
Reduced LP has 50100 rows, 137404 columns, and 345273 nonzeros.
Presolve time = 0.50 sec. (520.98 ticks)

Iteration log . . .
Iteration:     1   Dual objective     =     136678665.082233
Perturbation started.
Iteration:   202   Dual objective     =     136678665.082233
Iteration:  1270   Dual objective     =     136694978.591202
Iteration:  2139   Dual objective     =     171559798.903795
Iteration:  2987   Dual objective     =     187850317.993521
Iteration:  3849   Dual objective     =     202091774.981085
Iteration:  4781   Dual objective     =     206941694.501665
Iteration:  5644   Dual objective     =     212017736.109692
Iteration:  6455   Dual objective     =     224949371.203035
Iteration:  7404   Dual objective     =     229862686.199435
Iteration:  8298   Dual objective     =     231854622.099983
Iteration:  9287   Dual objective     =     233370123.322997
Iteration: 10252   Dual objective     =     234745556.534269
Iteration: 11222   Dual objective     =     237796304.989068
Iteration: 12171   Dual objective     =     253096995.919177
Iteration: 13136   Dual objective     =     321984420.706175
Iteration: 14082   Dual objective     =     329897947.583266
Iteration: 15061   Dual objective     =     344940496.977008
Iteration: 15993   Dual objective     =     363130004.866778
Iteration: 16937   Dual objective     =     373577222.357437
Iteration: 17932   Dual objective     =     384277220.923201
Iteration: 19062   Dual objective     =     406074149.293248
Iteration: 20015   Dual objective     =     417633456.743473
Iteration: 21036   Dual objective     =     433458227.194904
Iteration: 22045   Dual objective     =     438135789.953558
Iteration: 23013   Dual objective     =     442597222.822395
Iteration: 23922   Dual objective     =     454949469.744299
Iteration: 24920   Dual objective     =     460973455.067436
Iteration: 25916   Dual objective     =     468464485.443082
Iteration: 26961   Dual objective     =     478942047.142167
Iteration: 27894   Dual objective     =     488501237.238176
Iteration: 28806   Dual objective     =     499475423.682455
Iteration: 29773   Dual objective     =     525351348.594591
Iteration: 30708   Dual objective     =     537448484.710745
Iteration: 31632   Dual objective     =     542819520.045154
Iteration: 32535   Dual objective     =     560173953.331920
Iteration: 33432   Dual objective     =     564837804.923656
Iteration: 34390   Dual objective     =     568369447.035535
Iteration: 35347   Dual objective     =     573696731.656168
Iteration: 35895   Dual objective     =     575589196.382350
Iteration: 36517   Dual objective     =     578141266.921313
Iteration: 37219   Dual objective     =     586370909.739421
Iteration: 37905   Dual objective     =     592546264.496495
Iteration: 38658   Dual objective     =     597828528.609963
Iteration: 39375   Dual objective     =     603761115.748475
Iteration: 40004   Dual objective     =     606112390.823221
Iteration: 40668   Dual objective     =     608170732.956948
Iteration: 41376   Dual objective     =     612105685.904325
Iteration: 42059   Dual objective     =     615068113.777571
Iteration: 42744   Dual objective     =     617761789.836854
Iteration: 43357   Dual objective     =     621322756.968890
Iteration: 43956   Dual objective     =     624783940.673896
Iteration: 44701   Dual objective     =     629610978.070899
Iteration: 45410   Dual objective     =     633278155.801033
Iteration: 46063   Dual objective     =     637235790.948537
Iteration: 46742   Dual objective     =     640636096.528370
Iteration: 47379   Dual objective     =     644734160.720276
Iteration: 48034   Dual objective     =     647958697.385421
Iteration: 48680   Dual objective     =     649869054.882314
Markowitz threshold set to 0.1
Iteration: 49233   Dual objective     =     651216332.855735
Iteration: 50468   Dual objective     =     652687695.717075
Iteration: 51327   Dual objective     =     653731810.902153
Iteration: 52083   Dual objective     =     654528863.955295
Iteration: 52712   Dual objective     =     655102847.734510
Iteration: 53306   Dual objective     =     655974583.786859
Iteration: 53845   Dual objective     =     657266958.792697
Iteration: 54327   Dual objective     =     657803241.489376
Iteration: 54761   Dual objective     =     658156584.777980
Iteration: 55363   Dual objective     =     659167674.931949
Iteration: 55940   Dual objective     =     659712133.290509
Iteration: 56568   Dual objective     =     660187092.428851
Iteration: 57127   Dual objective     =     660523358.037613
Iteration: 57743   Dual objective     =     660807647.323481
Iteration: 58349   Dual objective     =     661044699.426130
Iteration: 58959   Dual objective     =     661572877.072716
Iteration: 59515   Dual objective     =     674012341.666736
Iteration: 60043   Dual objective     =     680518724.787535
Iteration: 60631   Dual objective     =     681921269.994511
Iteration: 60804   Dual objective     =     682194301.010213
Iteration: 61175   Dual objective     =     682215879.983245
Iteration: 61739   Dual objective     =     682218508.593510
Iteration: 62276   Dual objective     =     682219396.297595
Iteration: 62290   Dual objective     =     682219396.611587
Iteration: 62302   Dual objective     =     682219396.611781
Iteration: 62357   Dual objective     =     682219396.612086
Iteration: 62370   Dual objective     =     682219396.612093
Iteration: 62372   Dual objective     =     682219396.612093
Removing perturbation.
Iteration: 62374   Dual objective     =     682219394.707936

--- Fixed MIP status (1): optimal.
--- Cplex Time: 4.11sec (det. 8995.91 ticks)


Proven optimal solution
MIP Solution:    682219394.707903    (51446 iterations, 0 nodes)
Final Solve:     682219394.707938    (62374 iterations)

Best possible:   682219394.707903
Absolute gap:            0.000000
Relative gap:            0.000000

--- Reading solution for model Master
--- TEP_ARO.gms(998) 234 Mb  22 secs
--- Executing after solve: elapsed 0:01:36.558
--- TEP_ARO.gms(965) 234 Mb
--- Generating MIP model Subproblem
--- TEP_ARO.gms(1872) 243 Mb
--- LOOPS v = v4
---   377,341 rows  361,170 columns  1,150,971 non-zeroes
---   46,690 discrete-columns
--- Executing CPLEX (Solvelink=2): elapsed 0:01:42.998

IBM ILOG CPLEX   35.1.0 r82a9585 Released Apr 29, 2021 WEI x86 64bit/MS Window

--- GAMS/Cplex Link licensed for continuous and discrete problems.
--- Space for names approximately 20.04 Mb
--- Use option 'names no' to turn use of names off
--- GMO memory 137.45 Mb (peak 140.21 Mb)
--- Dictionary memory 0.00 Mb
--- Cplex 20.1.0.1 link memory 11.21 Mb (peak 51.63 Mb)
--- Starting Cplex

Version identifier: 20.1.0.1 | 2021-04-07 | 3a818710c
CPXPARAM_Advance                                 2
CPXPARAM_Threads                                 1
CPXPARAM_MIP_Display                             4
CPXPARAM_MIP_Tolerances_AbsMIPGap                0
CPXPARAM_MIP_Tolerances_MIPGap                   0
Generic callback                                 0x50
Found incumbent of value 0.000000 after 0.02 sec. (17.89 ticks)
Tried aggregator 1 time.
MIP Presolve eliminated 356830 rows and 319064 columns.
Reduced MIP has 20510 rows, 38919 columns, and 59406 nonzeros.
Reduced MIP has 0 binaries, 0 generals, 0 SOSs, and 0 indicators.
Presolve time = 0.22 sec. (301.04 ticks)
Tried aggregator 1 time.
Detecting symmetries...
MIP Presolve eliminated 396 rows and 143 columns.
Reduced MIP has 20114 rows, 38523 columns, and 58614 nonzeros.
Reduced MIP has 0 binaries, 0 generals, 0 SOSs, and 0 indicators.
Presolve time = 0.05 sec. (53.53 ticks)
MIP emphasis: balance optimality and feasibility.
MIP search method: dynamic search.
Parallel mode: none, using 1 thread.

Iteration log . . .
Iteration:     1   Dual objective     =   20416972810.454823
Iteration:   795   Dual objective     =   17208424935.894821
Iteration:  1619   Dual objective     =   16718125228.625061
Iteration:  2426   Dual objective     =   16545453822.368637
Iteration:  3203   Dual objective     =   16379988738.116409
Iteration:  4010   Dual objective     =   16233299257.122911
Iteration:  4789   Dual objective     =   16111607056.817377
Iteration:  5565   Dual objective     =   15990076850.506689
Iteration:  6383   Dual objective     =   15795953868.950775
Iteration:  7131   Dual objective     =   15621371023.699835
Iteration:  7914   Dual objective     =   14990680351.491749
Iteration:  8808   Dual objective     =    6317392803.533157
Iteration:  9507   Dual objective     =    4403650736.681556
Iteration: 10224   Dual objective     =    3215557977.566532
Iteration: 10932   Dual objective     =    2749802595.197769
Iteration: 11690   Dual objective     =    2511487310.712396
Iteration: 12575   Dual objective     =    2378481849.029217
Iteration: 13346   Dual objective     =    2207852091.833167
Root relaxation solution time = 0.06 sec. (221.16 ticks)

        Nodes                                         Cuts/
   Node  Left     Objective  IInf  Best Integer    Best Bound    ItCnt     Gap

*     0+    0                            0.0000   2.04614e+10              --- 
Found incumbent of value 0.000000 after 0.39 sec. (634.83 ticks)
*     0     0      integral     0   2.20779e+09   2.20779e+09    13455    0.00%
Elapsed time = 0.39 sec. (644.16 ticks, tree = 0.00 MB, solutions = 1)
Found incumbent of value 2.2077913e+09 after 0.39 sec. (644.16 ticks)

Root node processing (before b&c):
  Real time             =    0.41 sec. (658.11 ticks)
Sequential b&c:
  Real time             =    0.00 sec. (0.00 ticks)
                          ------------
Total (root+branch&cut) =    0.41 sec. (658.11 ticks)

--- MIP status (101): integer optimal solution.
--- Cplex Time: 0.41sec (det. 659.14 ticks)

--- Fixing integer variables and solving final LP...

Version identifier: 20.1.0.1 | 2021-04-07 | 3a818710c
CPXPARAM_Advance                                 2
CPXPARAM_Threads                                 1
CPXPARAM_MIP_Display                             4
CPXPARAM_MIP_Tolerances_AbsMIPGap                0
CPXPARAM_MIP_Tolerances_MIPGap                   0
Tried aggregator 1 time.
LP Presolve eliminated 353643 rows and 319064 columns.
Reduced LP has 23697 rows, 42106 columns, and 65780 nonzeros.
Presolve time = 0.17 sec. (228.84 ticks)

Iteration log . . .
Iteration:     1   Dual objective     =   20416972810.454823
Iteration:   736   Dual objective     =   18789168865.559410
Iteration:  1564   Dual objective     =   18248921775.569469
Iteration:  2351   Dual objective     =   17833648800.323826
Iteration:  3146   Dual objective     =   15928524894.147623
Iteration:  3935   Dual objective     =   15743152495.113062
Iteration:  4732   Dual objective     =   15605771444.636345
Iteration:  5541   Dual objective     =   15501280967.928022
Iteration:  6151   Dual objective     =   15328800972.203529
Iteration:  6953   Dual objective     =   15213226301.578094
Iteration:  7782   Dual objective     =   15139379540.248083
Iteration:  8679   Dual objective     =   15053311797.988413
Iteration:  9563   Dual objective     =    6361653489.269279
Iteration: 10448   Dual objective     =    6279972330.123911
Iteration: 11143   Dual objective     =    3386841890.831209
Iteration: 11819   Dual objective     =    2995478545.979172
Iteration: 12524   Dual objective     =    2679490461.032423
Iteration: 13186   Dual objective     =    2512187862.215726
Iteration: 14111   Dual objective     =    2376417034.663211
Iteration: 14722   Dual objective     =    2211489936.236178

--- Fixed MIP status (1): optimal.
--- Cplex Time: 0.34sec (det. 624.08 ticks)


Proven optimal solution
MIP Solution:   2207791340.844780    (13455 iterations, 0 nodes)
Final Solve:    2207791340.844766    (15207 iterations)

Best possible:  2207791340.844780
Absolute gap:            0.000000
Relative gap:            0.000000

--- Reading solution for model Subproblem
--- TEP_ARO.gms(1872) 243 Mb  12 secs
--- Executing after solve: elapsed 0:01:53.026
--- TEP_ARO.gms(965) 243 Mb
--- Generating MIP model Master
--- TEP_ARO.gms(998) 278 Mb  3 secs
--- LOOPS v = v5
---   744,287 rows  400,812 columns  1,519,342 non-zeroes
---   840 discrete-columns
--- Executing CPLEX (Solvelink=2): elapsed 0:02:01.077

IBM ILOG CPLEX   35.1.0 r82a9585 Released Apr 29, 2021 WEI x86 64bit/MS Window

--- GAMS/Cplex Link licensed for continuous and discrete problems.
--- Space for names approximately 34.99 Mb
--- Use option 'names no' to turn use of names off
--- GMO memory 199.74 Mb (peak 202.79 Mb)
--- Dictionary memory 0.00 Mb
--- Cplex 20.1.0.1 link memory 16.16 Mb (peak 78.79 Mb)
--- Starting Cplex

Version identifier: 20.1.0.1 | 2021-04-07 | 3a818710c
CPXPARAM_Advance                                 2
CPXPARAM_Threads                                 1
CPXPARAM_MIP_Display                             4
CPXPARAM_MIP_Tolerances_AbsMIPGap                0
CPXPARAM_MIP_Tolerances_MIPGap                   0
Generic callback                                 0x50
Tried aggregator 5 times.
MIP Presolve eliminated 600348 rows and 141172 columns.
MIP Presolve modified 4738 coefficients.
Aggregator did 83217 substitutions.
Reduced MIP has 60721 rows, 176423 columns, and 434986 nonzeros.
Reduced MIP has 0 binaries, 0 generals, 0 SOSs, and 0 indicators.
Presolve time = 0.91 sec. (1281.57 ticks)
Tried aggregator 1 time.
Detecting symmetries...
MIP Presolve eliminated 10465 rows and 10442 columns.
Reduced MIP has 50256 rows, 165981 columns, and 393448 nonzeros.
Reduced MIP has 0 binaries, 0 generals, 0 SOSs, and 0 indicators.
Presolve time = 0.28 sec. (330.87 ticks)
MIP emphasis: balance optimality and feasibility.
MIP search method: dynamic search.
Parallel mode: none, using 1 thread.

Iteration log . . .
Iteration:     1   Dual objective     =     180222840.611652
Perturbation started.
Iteration:   202   Dual objective     =     180222840.611652
Iteration:  1284   Dual objective     =     180229463.412332
Iteration:  2382   Dual objective     =     196352061.911879
Iteration:  3170   Dual objective     =     211748893.688443
Iteration:  4009   Dual objective     =     221629313.666237
Iteration:  4932   Dual objective     =     223893075.009664
Iteration:  5722   Dual objective     =     234019362.567715
Iteration:  6615   Dual objective     =     239230993.133815
Iteration:  7581   Dual objective     =     242023376.645313
Iteration:  8603   Dual objective     =     243147385.956298
Iteration:  9630   Dual objective     =     274275128.216736
Iteration: 10606   Dual objective     =     319341684.652471
Iteration: 11602   Dual objective     =     353936882.245697
Iteration: 12638   Dual objective     =     368362304.277125
Iteration: 13669   Dual objective     =     389029482.077276
Iteration: 14701   Dual objective     =     394993260.693787
Iteration: 15783   Dual objective     =     405313070.808637
Iteration: 16764   Dual objective     =     426213457.981475
Iteration: 17799   Dual objective     =     439109652.621322
Iteration: 18773   Dual objective     =     448026514.367874
Iteration: 19755   Dual objective     =     451348784.745107
Iteration: 20730   Dual objective     =     456179977.772481
Iteration: 21770   Dual objective     =     460093287.815496
Iteration: 22787   Dual objective     =     461540241.338775
Iteration: 23795   Dual objective     =     473097808.405049
Iteration: 24793   Dual objective     =     518536128.142121
Iteration: 25781   Dual objective     =     524841962.378508
Iteration: 26804   Dual objective     =     529423132.454345
Iteration: 27847   Dual objective     =     534897963.441521
Iteration: 28814   Dual objective     =     543885488.470544
Iteration: 29776   Dual objective     =     549193324.627321
Iteration: 30836   Dual objective     =     552655338.952010
Iteration: 31748   Dual objective     =     558210397.607426
Iteration: 32710   Dual objective     =     563594230.862847
Iteration: 33604   Dual objective     =     567164672.164004
Iteration: 34507   Dual objective     =     569908634.552914
Iteration: 35449   Dual objective     =     575647671.573468
Iteration: 36415   Dual objective     =     579700371.670019
Iteration: 37388   Dual objective     =     581837021.570917
Iteration: 38040   Dual objective     =     584802741.123365
Iteration: 38661   Dual objective     =     587672502.132001
Iteration: 39307   Dual objective     =     592874403.509013
Iteration: 39963   Dual objective     =     597310098.783207
Iteration: 40654   Dual objective     =     601586701.690306
Iteration: 41426   Dual objective     =     604798190.664305
Iteration: 42147   Dual objective     =     607999740.972388
Iteration: 42838   Dual objective     =     611579973.913735
Iteration: 43490   Dual objective     =     615039211.736535
Iteration: 44161   Dual objective     =     619620743.314577
Iteration: 44789   Dual objective     =     624636067.367544
Iteration: 45468   Dual objective     =     627610709.887328
Iteration: 46142   Dual objective     =     630962644.560811
Iteration: 46813   Dual objective     =     633824180.680261
Iteration: 47524   Dual objective     =     636237201.126147
Iteration: 48211   Dual objective     =     638524418.541196
Iteration: 48890   Dual objective     =     640189365.348418
Iteration: 49590   Dual objective     =     641914966.483355
Iteration: 50292   Dual objective     =     645264590.413379
Iteration: 50997   Dual objective     =     647528196.072023
Iteration: 51694   Dual objective     =     649147871.305327
Iteration: 52350   Dual objective     =     650993687.462780
Iteration: 53102   Dual objective     =     651953404.273954
Iteration: 53806   Dual objective     =     653162669.716757
Iteration: 54443   Dual objective     =     654840198.205002
Iteration: 55104   Dual objective     =     656422870.375932
Iteration: 55785   Dual objective     =     657379818.180325
Iteration: 56445   Dual objective     =     658470477.540730
Iteration: 57122   Dual objective     =     659180702.828368
Iteration: 57772   Dual objective     =     660106718.186383
Iteration: 58505   Dual objective     =     660481524.235947
Iteration: 58900   Dual objective     =     660655907.938554
Iteration: 59343   Dual objective     =     660812736.875680
Iteration: 59948   Dual objective     =     663849385.017591
Iteration: 60506   Dual objective     =     666463158.048501
Iteration: 61039   Dual objective     =     667871091.819255
Iteration: 61444   Dual objective     =     667871823.563504
Iteration: 61730   Dual objective     =     668421362.580084
Iteration: 62135   Dual objective     =     672086528.540014
Iteration: 62534   Dual objective     =     672088824.293731
Iteration: 62740   Dual objective     =     673823744.814020
Iteration: 63266   Dual objective     =     677235790.688148
Iteration: 63843   Dual objective     =     678809382.364017
Iteration: 64275   Dual objective     =     681540209.924412
Iteration: 64624   Dual objective     =     682176532.332291
Iteration: 64931   Dual objective     =     682197570.363308
Iteration: 65320   Dual objective     =     682201434.710257
Iteration: 65810   Dual objective     =     682212457.343562
Iteration: 66272   Dual objective     =     682216978.834751
Iteration: 66749   Dual objective     =     682218480.948214
Elapsed time = 3.84 sec. (10000.97 ticks, 67093 iterations)
Iteration: 67114   Dual objective     =     682219308.159892
Iteration: 67628   Dual objective     =     682219376.918296
Markowitz threshold set to 0.1
Iteration: 68011   Dual objective     =     682219396.946694
Iteration: 68096   Dual objective     =     682219396.948229
Iteration: 68097   Dual objective     =     682219396.948233
Iteration: 68098   Dual objective     =     682219396.948236
Iteration: 68099   Dual objective     =     682219396.948240
Iteration: 68100   Dual objective     =     682219396.948243
Iteration: 68101   Dual objective     =     682219396.948247
Removing perturbation.
Iteration: 68102   Dual objective     =     682219394.707923
Iteration: 68103   Dual objective     =     682219394.707924
Root relaxation solution time = 4.66 sec. (12879.45 ticks)

        Nodes                                         Cuts/
   Node  Left     Objective  IInf  Best Integer    Best Bound    ItCnt     Gap

*     0     0      integral     0   6.82219e+08   6.82219e+08    68103    0.00%
Elapsed time = 6.17 sec. (14885.54 ticks, tree = 0.00 MB, solutions = 1)
Found incumbent of value 6.8221939e+08 after 6.17 sec. (14885.54 ticks)

Root node processing (before b&c):
  Real time             =    6.19 sec. (14899.08 ticks)
Sequential b&c:
  Real time             =    0.00 sec. (0.00 ticks)
                          ------------
Total (root+branch&cut) =    6.19 sec. (14899.08 ticks)

--- MIP status (101): integer optimal solution.
--- Cplex Time: 6.19sec (det. 14900.22 ticks)

--- Fixing integer variables and solving final LP...

Version identifier: 20.1.0.1 | 2021-04-07 | 3a818710c
CPXPARAM_Advance                                 2
CPXPARAM_Threads                                 1
CPXPARAM_MIP_Display                             4
CPXPARAM_MIP_Tolerances_AbsMIPGap                0
CPXPARAM_MIP_Tolerances_MIPGap                   0
Tried aggregator 1 time.
LP Presolve eliminated 598403 rows and 138501 columns.
Aggregator did 83177 substitutions.
Reduced LP has 62706 rows, 179134 columns, and 444908 nonzeros.
Presolve time = 0.66 sec. (664.79 ticks)

Iteration log . . .
Iteration:     1   Dual objective     =     136678665.082233
Perturbation started.
Iteration:   202   Dual objective     =     136678665.082233
Iteration:  1407   Dual objective     =     136682844.608761
Iteration:  2418   Dual objective     =     169321255.687957
Iteration:  3410   Dual objective     =     186279678.319261
Iteration:  4413   Dual objective     =     197654429.798485
Iteration:  5438   Dual objective     =     206930373.480605
Iteration:  6426   Dual objective     =     207322181.377726
Iteration:  7375   Dual objective     =     216527505.433971
Iteration:  8385   Dual objective     =     228857853.634499
Iteration:  9369   Dual objective     =     230979524.978945
Iteration: 10366   Dual objective     =     231906946.029571
Iteration: 11411   Dual objective     =     233005297.051857
Iteration: 12519   Dual objective     =     234843671.298844
Iteration: 13626   Dual objective     =     237327727.569124
Iteration: 14709   Dual objective     =     267215504.147984
Iteration: 15777   Dual objective     =     322469443.063675
Iteration: 16859   Dual objective     =     327839015.532593
Iteration: 17939   Dual objective     =     336351948.783730
Iteration: 19020   Dual objective     =     363236789.660518
Iteration: 20087   Dual objective     =     372439922.286676
Iteration: 21201   Dual objective     =     379172140.378186
Iteration: 22353   Dual objective     =     400562783.792989
Iteration: 23551   Dual objective     =     408447031.302433
Iteration: 24622   Dual objective     =     424573271.110590
Iteration: 25757   Dual objective     =     430815577.685847
Iteration: 26847   Dual objective     =     435559755.262604
Iteration: 27965   Dual objective     =     441072301.491520
Iteration: 28998   Dual objective     =     447107999.261747
Iteration: 30090   Dual objective     =     455876700.056532
Iteration: 31150   Dual objective     =     461976355.153007
Iteration: 32268   Dual objective     =     469790199.586621
Iteration: 33371   Dual objective     =     476847445.291964
Iteration: 34435   Dual objective     =     486982226.503298
Iteration: 35453   Dual objective     =     490734420.515037
Iteration: 36576   Dual objective     =     496737040.441978
Iteration: 37628   Dual objective     =     532706706.193666
Iteration: 38677   Dual objective     =     536663337.792003
Iteration: 39711   Dual objective     =     543764566.446766
Iteration: 40737   Dual objective     =     558851126.867086
Iteration: 41731   Dual objective     =     563456344.487799
Iteration: 42749   Dual objective     =     567639448.140730
Iteration: 43820   Dual objective     =     571498189.287189
Iteration: 44895   Dual objective     =     575521707.003724
Iteration: 45548   Dual objective     =     576862402.497711
Iteration: 46286   Dual objective     =     578841938.531082
Iteration: 47063   Dual objective     =     583854390.982166
Iteration: 47825   Dual objective     =     590162812.708108
Iteration: 48620   Dual objective     =     594772058.882842
Iteration: 49422   Dual objective     =     600249947.408492
Iteration: 50265   Dual objective     =     603445768.137352
Iteration: 51014   Dual objective     =     605956238.834169
Iteration: 51726   Dual objective     =     607576296.111187
Iteration: 52432   Dual objective     =     611321698.084038
Iteration: 53170   Dual objective     =     613704227.123175
Iteration: 53924   Dual objective     =     616360385.384549
Iteration: 54554   Dual objective     =     618594398.531207
Iteration: 55298   Dual objective     =     620241928.433817
Iteration: 55996   Dual objective     =     625954698.129342
Iteration: 56780   Dual objective     =     630795308.699482
Iteration: 57534   Dual objective     =     633546516.230194
Markowitz threshold set to 0.1
Iteration: 58282   Dual objective     =     636293358.024054
Iteration: 59582   Dual objective     =     640143629.955760
Iteration: 60830   Dual objective     =     641730300.243887
Iteration: 62069   Dual objective     =     642977902.167547
Iteration: 63135   Dual objective     =     645342263.986285
Iteration: 63944   Dual objective     =     646962083.174471
Iteration: 64696   Dual objective     =     649378136.057540
Iteration: 65427   Dual objective     =     650799904.039128
Iteration: 66098   Dual objective     =     652072690.109042
Iteration: 66705   Dual objective     =     652980371.530419
Iteration: 67284   Dual objective     =     654681700.369647
Iteration: 67893   Dual objective     =     656262312.500000
Iteration: 68491   Dual objective     =     657135447.075801
Iteration: 69073   Dual objective     =     657945330.011512
Iteration: 69623   Dual objective     =     658392411.980831
Iteration: 70330   Dual objective     =     659234025.072829
Iteration: 70987   Dual objective     =     659762416.328267
Iteration: 71550   Dual objective     =     659979872.790363
Iteration: 72143   Dual objective     =     660219197.729495
Iteration: 72826   Dual objective     =     660573502.245178
Iteration: 73463   Dual objective     =     660857695.911401
Iteration: 74174   Dual objective     =     661027161.704808
Iteration: 74829   Dual objective     =     662595013.032912
Iteration: 75433   Dual objective     =     672210687.308766
Iteration: 76037   Dual objective     =     680833616.847883
Iteration: 76710   Dual objective     =     681651599.172814
Iteration: 77120   Dual objective     =     682198490.019128
Iteration: 77613   Dual objective     =     682208066.971544
Iteration: 78243   Dual objective     =     682217079.585167
Elapsed time = 4.69 sec. (10014.98 ticks, 78797 iterations)
Iteration: 78797   Dual objective     =     682217085.149658
Iteration: 79309   Dual objective     =     682219337.876931
Iteration: 79931   Dual objective     =     682219397.047926
Iteration: 80022   Dual objective     =     682219397.049516
Iteration: 80091   Dual objective     =     682219397.049873
Iteration: 80096   Dual objective     =     682219397.049875
Removing perturbation.
Iteration: 80109   Dual objective     =     682219394.707910

--- Fixed MIP status (1): optimal.
--- Cplex Time: 6.17sec (det. 15555.71 ticks)


Proven optimal solution
MIP Solution:    682219394.707906    (68103 iterations, 0 nodes)
Final Solve:     682219394.707910    (80109 iterations)

Best possible:   682219394.707906
Absolute gap:            0.000000
Relative gap:            0.000000

--- Reading solution for model Master
--- TEP_ARO.gms(998) 278 Mb  30 secs
--- Executing after solve: elapsed 0:02:28.294
--- TEP_ARO.gms(965) 278 Mb
--- Generating MIP model Subproblem
--- TEP_ARO.gms(1872) 278 Mb
--- LOOPS v = v5
---   377,341 rows  361,170 columns  1,150,971 non-zeroes
---   46,690 discrete-columns
--- Executing CPLEX (Solvelink=2): elapsed 0:02:34.103

IBM ILOG CPLEX   35.1.0 r82a9585 Released Apr 29, 2021 WEI x86 64bit/MS Window

--- GAMS/Cplex Link licensed for continuous and discrete problems.
--- Space for names approximately 20.04 Mb
--- Use option 'names no' to turn use of names off
--- GMO memory 137.45 Mb (peak 140.21 Mb)
--- Dictionary memory 0.00 Mb
--- Cplex 20.1.0.1 link memory 11.21 Mb (peak 51.63 Mb)
--- Starting Cplex

Version identifier: 20.1.0.1 | 2021-04-07 | 3a818710c
CPXPARAM_Advance                                 2
CPXPARAM_Threads                                 1
CPXPARAM_MIP_Display                             4
CPXPARAM_MIP_Tolerances_AbsMIPGap                0
CPXPARAM_MIP_Tolerances_MIPGap                   0
Generic callback                                 0x50
Found incumbent of value 0.000000 after 0.00 sec. (17.89 ticks)
Tried aggregator 1 time.
MIP Presolve eliminated 356830 rows and 319064 columns.
Reduced MIP has 20510 rows, 38919 columns, and 59406 nonzeros.
Reduced MIP has 0 binaries, 0 generals, 0 SOSs, and 0 indicators.
Presolve time = 0.23 sec. (301.04 ticks)
Tried aggregator 1 time.
Detecting symmetries...
MIP Presolve eliminated 396 rows and 143 columns.
Reduced MIP has 20114 rows, 38523 columns, and 58614 nonzeros.
Reduced MIP has 0 binaries, 0 generals, 0 SOSs, and 0 indicators.
Presolve time = 0.05 sec. (53.53 ticks)
MIP emphasis: balance optimality and feasibility.
MIP search method: dynamic search.
Parallel mode: none, using 1 thread.

Iteration log . . .
Iteration:     1   Dual objective     =   20416972810.454823
Iteration:   795   Dual objective     =   17208424935.894821
Iteration:  1619   Dual objective     =   16718125228.625061
Iteration:  2426   Dual objective     =   16545453822.368637
Iteration:  3203   Dual objective     =   16379988738.116409
Iteration:  4010   Dual objective     =   16233299257.122911
Iteration:  4789   Dual objective     =   16111607056.817377
Iteration:  5565   Dual objective     =   15990076850.506689
Iteration:  6383   Dual objective     =   15795953868.950775
Iteration:  7131   Dual objective     =   15621371023.699835
Iteration:  7914   Dual objective     =   14990680351.491749
Iteration:  8808   Dual objective     =    6317392803.533157
Iteration:  9507   Dual objective     =    4403650736.681556
Iteration: 10224   Dual objective     =    3215557977.566532
Iteration: 10932   Dual objective     =    2749802595.197769
Iteration: 11690   Dual objective     =    2511487310.712396
Iteration: 12575   Dual objective     =    2378481849.029217
Iteration: 13346   Dual objective     =    2207852091.833167
Root relaxation solution time = 0.06 sec. (221.16 ticks)

        Nodes                                         Cuts/
   Node  Left     Objective  IInf  Best Integer    Best Bound    ItCnt     Gap

*     0+    0                            0.0000   2.04614e+10              --- 
Found incumbent of value 0.000000 after 0.38 sec. (634.83 ticks)
*     0     0      integral     0   2.20779e+09   2.20779e+09    13455    0.00%
Elapsed time = 0.39 sec. (644.16 ticks, tree = 0.00 MB, solutions = 1)
Found incumbent of value 2.2077913e+09 after 0.39 sec. (644.16 ticks)

Root node processing (before b&c):
  Real time             =    0.41 sec. (658.11 ticks)
Sequential b&c:
  Real time             =    0.00 sec. (0.00 ticks)
                          ------------
Total (root+branch&cut) =    0.41 sec. (658.11 ticks)

--- MIP status (101): integer optimal solution.
--- Cplex Time: 0.41sec (det. 659.14 ticks)

--- Fixing integer variables and solving final LP...

Version identifier: 20.1.0.1 | 2021-04-07 | 3a818710c
CPXPARAM_Advance                                 2
CPXPARAM_Threads                                 1
CPXPARAM_MIP_Display                             4
CPXPARAM_MIP_Tolerances_AbsMIPGap                0
CPXPARAM_MIP_Tolerances_MIPGap                   0
Tried aggregator 1 time.
LP Presolve eliminated 353643 rows and 319064 columns.
Reduced LP has 23697 rows, 42106 columns, and 65780 nonzeros.
Presolve time = 0.17 sec. (228.84 ticks)

Iteration log . . .
Iteration:     1   Dual objective     =   20416972810.454823
Iteration:   736   Dual objective     =   18789168865.559410
Iteration:  1564   Dual objective     =   18248921775.569469
Iteration:  2351   Dual objective     =   17833648800.323826
Iteration:  3146   Dual objective     =   15928524894.147623
Iteration:  3935   Dual objective     =   15743152495.113062
Iteration:  4732   Dual objective     =   15605771444.636345
Iteration:  5541   Dual objective     =   15501280967.928022
Iteration:  6151   Dual objective     =   15328800972.203529
Iteration:  6953   Dual objective     =   15213226301.578094
Iteration:  7782   Dual objective     =   15139379540.248083
Iteration:  8679   Dual objective     =   15053311797.988413
Iteration:  9563   Dual objective     =    6361653489.269279
Iteration: 10448   Dual objective     =    6279972330.123911
Iteration: 11143   Dual objective     =    3386841890.831209
Iteration: 11819   Dual objective     =    2995478545.979172
Iteration: 12524   Dual objective     =    2679490461.032423
Iteration: 13186   Dual objective     =    2512187862.215726
Iteration: 14111   Dual objective     =    2376417034.663211
Iteration: 14722   Dual objective     =    2211489936.236178

--- Fixed MIP status (1): optimal.
--- Cplex Time: 0.33sec (det. 624.08 ticks)


Proven optimal solution
MIP Solution:   2207791340.844780    (13455 iterations, 0 nodes)
Final Solve:    2207791340.844766    (15207 iterations)

Best possible:  2207791340.844780
Absolute gap:            0.000000
Relative gap:            0.000000

--- Reading solution for model Subproblem
--- TEP_ARO.gms(1872) 278 Mb  11 secs
--- Executing after solve: elapsed 0:02:44.154
--- TEP_ARO.gms(2743) 278 Mb
--- GDX File (execute_unload) Z:\MitarbeiterOrdner\Bernecker\GitHub Desktop Project Foulder\SARO-Dunkelflaute\TEP ARO Model\TEP_ARO_Final.gdx
--- Profile Summary (255 records processed)
   157.765   0.278GB       965 Loop       
    13.813   0.278GB       998 Solve Alg  Master
    13.406   0.278GB       998 Solve Read Master
    11.047   0.234GB       998 Solve Read Master
     9.578   0.234GB       998 Solve Alg  Master
     8.282   0.243GB      1872 Solve Read Subproblem
     8.204   0.278GB      1872 Solve Read Subproblem
     6.719   0.113GB      1872 Solve Read Subproblem
     6.610   0.214GB      1872 Solve Read Subproblem
     6.516   0.205GB       998 Solve Alg  Master
*** Status: Normal completion
--- Job TEP_ARO.gms Stop 01/25/22 17:33:34 elapsed 0:02:45.619
